/home/tdp378/jax_ws/install/jax_hardware_peripherals/lib/python3.10/site-packages/jax_hardware_peripherals/lcdconfig.py
/home/tdp378/jax_ws/install/jax_hardware_peripherals/lib/python3.10/site-packages/jax_hardware_peripherals/__init__.py
/home/tdp378/jax_ws/install/jax_hardware_peripherals/lib/python3.10/site-packages/jax_hardware_peripherals/LCD_1inch47.py
/home/tdp378/jax_ws/install/jax_hardware_peripherals/lib/python3.10/site-packages/jax_hardware_peripherals/nano_bridge.py
/home/tdp378/jax_ws/install/jax_hardware_peripherals/lib/python3.10/site-packages/jax_hardware_peripherals/lcd_node.py
/home/tdp378/jax_ws/install/jax_hardware_peripherals/lib/python3.10/site-packages/jax_hardware_peripherals/__pycache__/lcdconfig.cpython-310.pyc
/home/tdp378/jax_ws/install/jax_hardware_peripherals/lib/python3.10/site-packages/jax_hardware_peripherals/__pycache__/__init__.cpython-310.pyc
/home/tdp378/jax_ws/install/jax_hardware_peripherals/lib/python3.10/site-packages/jax_hardware_peripherals/__pycache__/LCD_1inch47.cpython-310.pyc
/home/tdp378/jax_ws/install/jax_hardware_peripherals/lib/python3.10/site-packages/jax_hardware_peripherals/__pycache__/nano_bridge.cpython-310.pyc
/home/tdp378/jax_ws/install/jax_hardware_peripherals/lib/python3.10/site-packages/jax_hardware_peripherals/__pycache__/lcd_node.cpython-310.pyc
/home/tdp378/jax_ws/install/jax_hardware_peripherals/share/ament_index/resource_index/packages/jax_hardware_peripherals
/home/tdp378/jax_ws/install/jax_hardware_peripherals/share/jax_hardware_peripherals/package.xml
/home/tdp378/jax_ws/install/jax_hardware_peripherals/lib/python3.10/site-packages/jax_hardware_peripherals-0.0.0-py3.10.egg-info/zip-safe
/home/tdp378/jax_ws/install/jax_hardware_peripherals/lib/python3.10/site-packages/jax_hardware_peripherals-0.0.0-py3.10.egg-info/requires.txt
/home/tdp378/jax_ws/install/jax_hardware_peripherals/lib/python3.10/site-packages/jax_hardware_peripherals-0.0.0-py3.10.egg-info/dependency_links.txt
/home/tdp378/jax_ws/install/jax_hardware_peripherals/lib/python3.10/site-packages/jax_hardware_peripherals-0.0.0-py3.10.egg-info/entry_points.txt
/home/tdp378/jax_ws/install/jax_hardware_peripherals/lib/python3.10/site-packages/jax_hardware_peripherals-0.0.0-py3.10.egg-info/SOURCES.txt
/home/tdp378/jax_ws/install/jax_hardware_peripherals/lib/python3.10/site-packages/jax_hardware_peripherals-0.0.0-py3.10.egg-info/PKG-INFO
/home/tdp378/jax_ws/install/jax_hardware_peripherals/lib/python3.10/site-packages/jax_hardware_peripherals-0.0.0-py3.10.egg-info/top_level.txt
/home/tdp378/jax_ws/install/jax_hardware_peripherals/lib/jax_hardware_peripherals/lcd_node
/home/tdp378/jax_ws/install/jax_hardware_peripherals/lib/jax_hardware_peripherals/nano_bridge
