running develop
Removing /home/tdp378/jax_ws/install/jax_controller/lib/python3.10/site-packages/jax-controller.egg-link (link to .)
running egg_info
writing ../../build/jax_controller/jax_controller.egg-info/PKG-INFO
writing dependency_links to ../../build/jax_controller/jax_controller.egg-info/dependency_links.txt
writing entry points to ../../build/jax_controller/jax_controller.egg-info/entry_points.txt
writing requirements to ../../build/jax_controller/jax_controller.egg-info/requires.txt
writing top-level names to ../../build/jax_controller/jax_controller.egg-info/top_level.txt
reading manifest file '../../build/jax_controller/jax_controller.egg-info/SOURCES.txt'
writing manifest file '../../build/jax_controller/jax_controller.egg-info/SOURCES.txt'
running build
running build_py
creating /home/tdp378/jax_ws/build/jax_controller/build
creating /home/tdp378/jax_ws/build/jax_controller/build/lib
creating /home/tdp378/jax_ws/build/jax_controller/build/lib/jax_controller
copying jax_controller/State.py -> /home/tdp378/jax_ws/build/jax_controller/build/lib/jax_controller
copying jax_controller/Command.py -> /home/tdp378/jax_ws/build/jax_controller/build/lib/jax_controller
copying jax_controller/Kinematics copy.py -> /home/tdp378/jax_ws/build/jax_controller/build/lib/jax_controller
copying jax_controller/Config.py -> /home/tdp378/jax_ws/build/jax_controller/build/lib/jax_controller
copying jax_controller/StanceController.py -> /home/tdp378/jax_ws/build/jax_controller/build/lib/jax_controller
copying jax_controller/Gaits.py -> /home/tdp378/jax_ws/build/jax_controller/build/lib/jax_controller
copying jax_controller/__init__.py -> /home/tdp378/jax_ws/build/jax_controller/build/lib/jax_controller
copying jax_controller/Kinematics.py -> /home/tdp378/jax_ws/build/jax_controller/build/lib/jax_controller
copying jax_controller/jax_brain.py -> /home/tdp378/jax_ws/build/jax_controller/build/lib/jax_controller
copying jax_controller/SwingLegController.py -> /home/tdp378/jax_ws/build/jax_controller/build/lib/jax_controller
copying jax_controller/Controller.py -> /home/tdp378/jax_ws/build/jax_controller/build/lib/jax_controller
copying jax_controller/util.py -> /home/tdp378/jax_ws/build/jax_controller/build/lib/jax_controller
running install
running install_lib
creating /home/tdp378/jax_ws/install/jax_controller/lib/python3.10/site-packages/jax_controller
copying /home/tdp378/jax_ws/build/jax_controller/build/lib/jax_controller/State.py -> /home/tdp378/jax_ws/install/jax_controller/lib/python3.10/site-packages/jax_controller
copying /home/tdp378/jax_ws/build/jax_controller/build/lib/jax_controller/Command.py -> /home/tdp378/jax_ws/install/jax_controller/lib/python3.10/site-packages/jax_controller
copying /home/tdp378/jax_ws/build/jax_controller/build/lib/jax_controller/Kinematics copy.py -> /home/tdp378/jax_ws/install/jax_controller/lib/python3.10/site-packages/jax_controller
copying /home/tdp378/jax_ws/build/jax_controller/build/lib/jax_controller/Config.py -> /home/tdp378/jax_ws/install/jax_controller/lib/python3.10/site-packages/jax_controller
copying /home/tdp378/jax_ws/build/jax_controller/build/lib/jax_controller/StanceController.py -> /home/tdp378/jax_ws/install/jax_controller/lib/python3.10/site-packages/jax_controller
copying /home/tdp378/jax_ws/build/jax_controller/build/lib/jax_controller/Gaits.py -> /home/tdp378/jax_ws/install/jax_controller/lib/python3.10/site-packages/jax_controller
copying /home/tdp378/jax_ws/build/jax_controller/build/lib/jax_controller/__init__.py -> /home/tdp378/jax_ws/install/jax_controller/lib/python3.10/site-packages/jax_controller
copying /home/tdp378/jax_ws/build/jax_controller/build/lib/jax_controller/Kinematics.py -> /home/tdp378/jax_ws/install/jax_controller/lib/python3.10/site-packages/jax_controller
copying /home/tdp378/jax_ws/build/jax_controller/build/lib/jax_controller/jax_brain.py -> /home/tdp378/jax_ws/install/jax_controller/lib/python3.10/site-packages/jax_controller
copying /home/tdp378/jax_ws/build/jax_controller/build/lib/jax_controller/SwingLegController.py -> /home/tdp378/jax_ws/install/jax_controller/lib/python3.10/site-packages/jax_controller
copying /home/tdp378/jax_ws/build/jax_controller/build/lib/jax_controller/Controller.py -> /home/tdp378/jax_ws/install/jax_controller/lib/python3.10/site-packages/jax_controller
copying /home/tdp378/jax_ws/build/jax_controller/build/lib/jax_controller/util.py -> /home/tdp378/jax_ws/install/jax_controller/lib/python3.10/site-packages/jax_controller
byte-compiling /home/tdp378/jax_ws/install/jax_controller/lib/python3.10/site-packages/jax_controller/State.py to State.cpython-310.pyc
byte-compiling /home/tdp378/jax_ws/install/jax_controller/lib/python3.10/site-packages/jax_controller/Command.py to Command.cpython-310.pyc
byte-compiling /home/tdp378/jax_ws/install/jax_controller/lib/python3.10/site-packages/jax_controller/Kinematics copy.py to Kinematics copy.cpython-310.pyc
byte-compiling /home/tdp378/jax_ws/install/jax_controller/lib/python3.10/site-packages/jax_controller/Config.py to Config.cpython-310.pyc
byte-compiling /home/tdp378/jax_ws/install/jax_controller/lib/python3.10/site-packages/jax_controller/StanceController.py to StanceController.cpython-310.pyc
byte-compiling /home/tdp378/jax_ws/install/jax_controller/lib/python3.10/site-packages/jax_controller/Gaits.py to Gaits.cpython-310.pyc
byte-compiling /home/tdp378/jax_ws/install/jax_controller/lib/python3.10/site-packages/jax_controller/__init__.py to __init__.cpython-310.pyc
byte-compiling /home/tdp378/jax_ws/install/jax_controller/lib/python3.10/site-packages/jax_controller/Kinematics.py to Kinematics.cpython-310.pyc
byte-compiling /home/tdp378/jax_ws/install/jax_controller/lib/python3.10/site-packages/jax_controller/jax_brain.py to jax_brain.cpython-310.pyc
byte-compiling /home/tdp378/jax_ws/install/jax_controller/lib/python3.10/site-packages/jax_controller/SwingLegController.py to SwingLegController.cpython-310.pyc
byte-compiling /home/tdp378/jax_ws/install/jax_controller/lib/python3.10/site-packages/jax_controller/Controller.py to Controller.cpython-310.pyc
byte-compiling /home/tdp378/jax_ws/install/jax_controller/lib/python3.10/site-packages/jax_controller/util.py to util.cpython-310.pyc
running install_data
copying resource/jax_controller -> /home/tdp378/jax_ws/install/jax_controller/share/ament_index/resource_index/packages
copying package.xml -> /home/tdp378/jax_ws/install/jax_controller/share/jax_controller
running install_egg_info
Copying ../../build/jax_controller/jax_controller.egg-info to /home/tdp378/jax_ws/install/jax_controller/lib/python3.10/site-packages/jax_controller-0.0.0-py3.10.egg-info
running install_scripts
Installing jax_brain script to /home/tdp378/jax_ws/install/jax_controller/lib/jax_controller
writing list of installed files to '/home/tdp378/jax_ws/build/jax_controller/install.log'
