running egg_info
creating ../../build/jax_hardware_peripherals/jax_hardware_peripherals.egg-info
writing ../../build/jax_hardware_peripherals/jax_hardware_peripherals.egg-info/PKG-INFO
writing dependency_links to ../../build/jax_hardware_peripherals/jax_hardware_peripherals.egg-info/dependency_links.txt
writing entry points to ../../build/jax_hardware_peripherals/jax_hardware_peripherals.egg-info/entry_points.txt
writing requirements to ../../build/jax_hardware_peripherals/jax_hardware_peripherals.egg-info/requires.txt
writing top-level names to ../../build/jax_hardware_peripherals/jax_hardware_peripherals.egg-info/top_level.txt
writing manifest file '../../build/jax_hardware_peripherals/jax_hardware_peripherals.egg-info/SOURCES.txt'
reading manifest file '../../build/jax_hardware_peripherals/jax_hardware_peripherals.egg-info/SOURCES.txt'
writing manifest file '../../build/jax_hardware_peripherals/jax_hardware_peripherals.egg-info/SOURCES.txt'
running build
running build_py
creating /home/tdp378/jax_ws/build/jax_hardware_peripherals/build
creating /home/tdp378/jax_ws/build/jax_hardware_peripherals/build/lib
creating /home/tdp378/jax_ws/build/jax_hardware_peripherals/build/lib/jax_hardware_peripherals
copying jax_hardware_peripherals/lcdconfig.py -> /home/tdp378/jax_ws/build/jax_hardware_peripherals/build/lib/jax_hardware_peripherals
copying jax_hardware_peripherals/__init__.py -> /home/tdp378/jax_ws/build/jax_hardware_peripherals/build/lib/jax_hardware_peripherals
copying jax_hardware_peripherals/LCD_1inch47.py -> /home/tdp378/jax_ws/build/jax_hardware_peripherals/build/lib/jax_hardware_peripherals
copying jax_hardware_peripherals/nano_bridge.py -> /home/tdp378/jax_ws/build/jax_hardware_peripherals/build/lib/jax_hardware_peripherals
copying jax_hardware_peripherals/lcd_node.py -> /home/tdp378/jax_ws/build/jax_hardware_peripherals/build/lib/jax_hardware_peripherals
running install
running install_lib
creating /home/tdp378/jax_ws/install/jax_hardware_peripherals/lib/python3.10/site-packages/jax_hardware_peripherals
copying /home/tdp378/jax_ws/build/jax_hardware_peripherals/build/lib/jax_hardware_peripherals/lcdconfig.py -> /home/tdp378/jax_ws/install/jax_hardware_peripherals/lib/python3.10/site-packages/jax_hardware_peripherals
copying /home/tdp378/jax_ws/build/jax_hardware_peripherals/build/lib/jax_hardware_peripherals/__init__.py -> /home/tdp378/jax_ws/install/jax_hardware_peripherals/lib/python3.10/site-packages/jax_hardware_peripherals
copying /home/tdp378/jax_ws/build/jax_hardware_peripherals/build/lib/jax_hardware_peripherals/LCD_1inch47.py -> /home/tdp378/jax_ws/install/jax_hardware_peripherals/lib/python3.10/site-packages/jax_hardware_peripherals
copying /home/tdp378/jax_ws/build/jax_hardware_peripherals/build/lib/jax_hardware_peripherals/nano_bridge.py -> /home/tdp378/jax_ws/install/jax_hardware_peripherals/lib/python3.10/site-packages/jax_hardware_peripherals
copying /home/tdp378/jax_ws/build/jax_hardware_peripherals/build/lib/jax_hardware_peripherals/lcd_node.py -> /home/tdp378/jax_ws/install/jax_hardware_peripherals/lib/python3.10/site-packages/jax_hardware_peripherals
byte-compiling /home/tdp378/jax_ws/install/jax_hardware_peripherals/lib/python3.10/site-packages/jax_hardware_peripherals/lcdconfig.py to lcdconfig.cpython-310.pyc
byte-compiling /home/tdp378/jax_ws/install/jax_hardware_peripherals/lib/python3.10/site-packages/jax_hardware_peripherals/__init__.py to __init__.cpython-310.pyc
byte-compiling /home/tdp378/jax_ws/install/jax_hardware_peripherals/lib/python3.10/site-packages/jax_hardware_peripherals/LCD_1inch47.py to LCD_1inch47.cpython-310.pyc
byte-compiling /home/tdp378/jax_ws/install/jax_hardware_peripherals/lib/python3.10/site-packages/jax_hardware_peripherals/nano_bridge.py to nano_bridge.cpython-310.pyc
byte-compiling /home/tdp378/jax_ws/install/jax_hardware_peripherals/lib/python3.10/site-packages/jax_hardware_peripherals/lcd_node.py to lcd_node.cpython-310.pyc
running install_data
creating /home/tdp378/jax_ws/install/jax_hardware_peripherals/share/ament_index
creating /home/tdp378/jax_ws/install/jax_hardware_peripherals/share/ament_index/resource_index
creating /home/tdp378/jax_ws/install/jax_hardware_peripherals/share/ament_index/resource_index/packages
copying resource/jax_hardware_peripherals -> /home/tdp378/jax_ws/install/jax_hardware_peripherals/share/ament_index/resource_index/packages
copying package.xml -> /home/tdp378/jax_ws/install/jax_hardware_peripherals/share/jax_hardware_peripherals
running install_egg_info
Copying ../../build/jax_hardware_peripherals/jax_hardware_peripherals.egg-info to /home/tdp378/jax_ws/install/jax_hardware_peripherals/lib/python3.10/site-packages/jax_hardware_peripherals-0.0.0-py3.10.egg-info
running install_scripts
Installing lcd_node script to /home/tdp378/jax_ws/install/jax_hardware_peripherals/lib/jax_hardware_peripherals
Installing nano_bridge script to /home/tdp378/jax_ws/install/jax_hardware_peripherals/lib/jax_hardware_peripherals
writing list of installed files to '/home/tdp378/jax_ws/build/jax_hardware_peripherals/install.log'
