[0.735s] Invoking command in '/home/tdp378/jax_ws/src/jax_hardware_peripherals': PYTHONPATH=/home/tdp378/jax_ws/build/jax_hardware_peripherals/prefix_override:/usr/lib/python3/dist-packages/colcon_core/task/python/colcon_distutils_commands:/home/tdp378/jax_ws/install/jax_hardware_peripherals/lib/python3.10/site-packages:${PYTHONPATH} /usr/bin/python3 -W ignore:setup.py install is deprecated -W ignore:easy_install command is deprecated setup.py egg_info --egg-base ../../build/jax_hardware_peripherals build --build-base /home/tdp378/jax_ws/build/jax_hardware_peripherals/build install --record /home/tdp378/jax_ws/build/jax_hardware_peripherals/install.log --single-version-externally-managed install_data
[0.885s] running egg_info
[0.886s] creating ../../build/jax_hardware_peripherals/jax_hardware_peripherals.egg-info
[0.886s] writing ../../build/jax_hardware_peripherals/jax_hardware_peripherals.egg-info/PKG-INFO
[0.886s] writing dependency_links to ../../build/jax_hardware_peripherals/jax_hardware_peripherals.egg-info/dependency_links.txt
[0.886s] writing entry points to ../../build/jax_hardware_peripherals/jax_hardware_peripherals.egg-info/entry_points.txt
[0.886s] writing requirements to ../../build/jax_hardware_peripherals/jax_hardware_peripherals.egg-info/requires.txt
[0.886s] writing top-level names to ../../build/jax_hardware_peripherals/jax_hardware_peripherals.egg-info/top_level.txt
[0.886s] writing manifest file '../../build/jax_hardware_peripherals/jax_hardware_peripherals.egg-info/SOURCES.txt'
[0.887s] reading manifest file '../../build/jax_hardware_peripherals/jax_hardware_peripherals.egg-info/SOURCES.txt'
[0.887s] writing manifest file '../../build/jax_hardware_peripherals/jax_hardware_peripherals.egg-info/SOURCES.txt'
[0.887s] running build
[0.887s] running build_py
[0.888s] creating /home/tdp378/jax_ws/build/jax_hardware_peripherals/build
[0.888s] creating /home/tdp378/jax_ws/build/jax_hardware_peripherals/build/lib
[0.888s] creating /home/tdp378/jax_ws/build/jax_hardware_peripherals/build/lib/jax_hardware_peripherals
[0.888s] copying jax_hardware_peripherals/lcdconfig.py -> /home/tdp378/jax_ws/build/jax_hardware_peripherals/build/lib/jax_hardware_peripherals
[0.888s] copying jax_hardware_peripherals/__init__.py -> /home/tdp378/jax_ws/build/jax_hardware_peripherals/build/lib/jax_hardware_peripherals
[0.888s] copying jax_hardware_peripherals/LCD_1inch47.py -> /home/tdp378/jax_ws/build/jax_hardware_peripherals/build/lib/jax_hardware_peripherals
[0.888s] copying jax_hardware_peripherals/nano_bridge.py -> /home/tdp378/jax_ws/build/jax_hardware_peripherals/build/lib/jax_hardware_peripherals
[0.888s] copying jax_hardware_peripherals/lcd_node.py -> /home/tdp378/jax_ws/build/jax_hardware_peripherals/build/lib/jax_hardware_peripherals
[0.888s] running install
[0.888s] running install_lib
[0.889s] creating /home/tdp378/jax_ws/install/jax_hardware_peripherals/lib/python3.10/site-packages/jax_hardware_peripherals
[0.889s] copying /home/tdp378/jax_ws/build/jax_hardware_peripherals/build/lib/jax_hardware_peripherals/lcdconfig.py -> /home/tdp378/jax_ws/install/jax_hardware_peripherals/lib/python3.10/site-packages/jax_hardware_peripherals
[0.889s] copying /home/tdp378/jax_ws/build/jax_hardware_peripherals/build/lib/jax_hardware_peripherals/__init__.py -> /home/tdp378/jax_ws/install/jax_hardware_peripherals/lib/python3.10/site-packages/jax_hardware_peripherals
[0.889s] copying /home/tdp378/jax_ws/build/jax_hardware_peripherals/build/lib/jax_hardware_peripherals/LCD_1inch47.py -> /home/tdp378/jax_ws/install/jax_hardware_peripherals/lib/python3.10/site-packages/jax_hardware_peripherals
[0.889s] copying /home/tdp378/jax_ws/build/jax_hardware_peripherals/build/lib/jax_hardware_peripherals/nano_bridge.py -> /home/tdp378/jax_ws/install/jax_hardware_peripherals/lib/python3.10/site-packages/jax_hardware_peripherals
[0.889s] copying /home/tdp378/jax_ws/build/jax_hardware_peripherals/build/lib/jax_hardware_peripherals/lcd_node.py -> /home/tdp378/jax_ws/install/jax_hardware_peripherals/lib/python3.10/site-packages/jax_hardware_peripherals
[0.889s] byte-compiling /home/tdp378/jax_ws/install/jax_hardware_peripherals/lib/python3.10/site-packages/jax_hardware_peripherals/lcdconfig.py to lcdconfig.cpython-310.pyc
[0.890s] byte-compiling /home/tdp378/jax_ws/install/jax_hardware_peripherals/lib/python3.10/site-packages/jax_hardware_peripherals/__init__.py to __init__.cpython-310.pyc
[0.890s] byte-compiling /home/tdp378/jax_ws/install/jax_hardware_peripherals/lib/python3.10/site-packages/jax_hardware_peripherals/LCD_1inch47.py to LCD_1inch47.cpython-310.pyc
[0.891s] byte-compiling /home/tdp378/jax_ws/install/jax_hardware_peripherals/lib/python3.10/site-packages/jax_hardware_peripherals/nano_bridge.py to nano_bridge.cpython-310.pyc
[0.891s] byte-compiling /home/tdp378/jax_ws/install/jax_hardware_peripherals/lib/python3.10/site-packages/jax_hardware_peripherals/lcd_node.py to lcd_node.cpython-310.pyc
[0.891s] running install_data
[0.891s] creating /home/tdp378/jax_ws/install/jax_hardware_peripherals/share/ament_index
[0.891s] creating /home/tdp378/jax_ws/install/jax_hardware_peripherals/share/ament_index/resource_index
[0.891s] creating /home/tdp378/jax_ws/install/jax_hardware_peripherals/share/ament_index/resource_index/packages
[0.892s] copying resource/jax_hardware_peripherals -> /home/tdp378/jax_ws/install/jax_hardware_peripherals/share/ament_index/resource_index/packages
[0.892s] copying package.xml -> /home/tdp378/jax_ws/install/jax_hardware_peripherals/share/jax_hardware_peripherals
[0.892s] running install_egg_info
[0.893s] Copying ../../build/jax_hardware_peripherals/jax_hardware_peripherals.egg-info to /home/tdp378/jax_ws/install/jax_hardware_peripherals/lib/python3.10/site-packages/jax_hardware_peripherals-0.0.0-py3.10.egg-info
[0.893s] running install_scripts
[0.905s] Installing lcd_node script to /home/tdp378/jax_ws/install/jax_hardware_peripherals/lib/jax_hardware_peripherals
[0.905s] Installing nano_bridge script to /home/tdp378/jax_ws/install/jax_hardware_peripherals/lib/jax_hardware_peripherals
[0.905s] writing list of installed files to '/home/tdp378/jax_ws/build/jax_hardware_peripherals/install.log'
[0.922s] Invoked command in '/home/tdp378/jax_ws/src/jax_hardware_peripherals' returned '0': PYTHONPATH=/home/tdp378/jax_ws/build/jax_hardware_peripherals/prefix_override:/usr/lib/python3/dist-packages/colcon_core/task/python/colcon_distutils_commands:/home/tdp378/jax_ws/install/jax_hardware_peripherals/lib/python3.10/site-packages:${PYTHONPATH} /usr/bin/python3 -W ignore:setup.py install is deprecated -W ignore:easy_install command is deprecated setup.py egg_info --egg-base ../../build/jax_hardware_peripherals build --build-base /home/tdp378/jax_ws/build/jax_hardware_peripherals/build install --record /home/tdp378/jax_ws/build/jax_hardware_peripherals/install.log --single-version-externally-managed install_data
