running egg_info
creating ../../build/jax_bringup/jax_bringup.egg-info
writing ../../build/jax_bringup/jax_bringup.egg-info/PKG-INFO
writing dependency_links to ../../build/jax_bringup/jax_bringup.egg-info/dependency_links.txt
writing entry points to ../../build/jax_bringup/jax_bringup.egg-info/entry_points.txt
writing requirements to ../../build/jax_bringup/jax_bringup.egg-info/requires.txt
writing top-level names to ../../build/jax_bringup/jax_bringup.egg-info/top_level.txt
writing manifest file '../../build/jax_bringup/jax_bringup.egg-info/SOURCES.txt'
reading manifest file '../../build/jax_bringup/jax_bringup.egg-info/SOURCES.txt'
writing manifest file '../../build/jax_bringup/jax_bringup.egg-info/SOURCES.txt'
running build
running build_py
creating /home/tdp378/jax_ws/build/jax_bringup/build
creating /home/tdp378/jax_ws/build/jax_bringup/build/lib
creating /home/tdp378/jax_ws/build/jax_bringup/build/lib/jax_bringup
copying jax_bringup/initial_pose.py -> /home/tdp378/jax_ws/build/jax_bringup/build/lib/jax_bringup
copying jax_bringup/__init__.py -> /home/tdp378/jax_ws/build/jax_bringup/build/lib/jax_bringup
running install
running install_lib
creating /home/tdp378/jax_ws/install/jax_bringup/lib/python3.10/site-packages/jax_bringup
copying /home/tdp378/jax_ws/build/jax_bringup/build/lib/jax_bringup/initial_pose.py -> /home/tdp378/jax_ws/install/jax_bringup/lib/python3.10/site-packages/jax_bringup
copying /home/tdp378/jax_ws/build/jax_bringup/build/lib/jax_bringup/__init__.py -> /home/tdp378/jax_ws/install/jax_bringup/lib/python3.10/site-packages/jax_bringup
byte-compiling /home/tdp378/jax_ws/install/jax_bringup/lib/python3.10/site-packages/jax_bringup/initial_pose.py to initial_pose.cpython-310.pyc
byte-compiling /home/tdp378/jax_ws/install/jax_bringup/lib/python3.10/site-packages/jax_bringup/__init__.py to __init__.cpython-310.pyc
running install_data
creating /home/tdp378/jax_ws/install/jax_bringup/share/ament_index
creating /home/tdp378/jax_ws/install/jax_bringup/share/ament_index/resource_index
creating /home/tdp378/jax_ws/install/jax_bringup/share/ament_index/resource_index/packages
copying resource/jax_bringup -> /home/tdp378/jax_ws/install/jax_bringup/share/ament_index/resource_index/packages
copying package.xml -> /home/tdp378/jax_ws/install/jax_bringup/share/jax_bringup
creating /home/tdp378/jax_ws/install/jax_bringup/share/jax_bringup/launch
copying launch/sim.launch.py -> /home/tdp378/jax_ws/install/jax_bringup/share/jax_bringup/launch
creating /home/tdp378/jax_ws/install/jax_bringup/share/jax_bringup/config
copying config/jax_controllers.yaml -> /home/tdp378/jax_ws/install/jax_bringup/share/jax_bringup/config
running install_egg_info
Copying ../../build/jax_bringup/jax_bringup.egg-info to /home/tdp378/jax_ws/install/jax_bringup/lib/python3.10/site-packages/jax_bringup-0.0.0-py3.10.egg-info
running install_scripts
Installing initial_pose script to /home/tdp378/jax_ws/install/jax_bringup/lib/jax_bringup
writing list of installed files to '/home/tdp378/jax_ws/build/jax_bringup/install.log'
