[0.742s] Invoking command in '/home/tdp378/jax_ws/src/jax_bringup': PYTHONPATH=/home/tdp378/jax_ws/build/jax_bringup/prefix_override:/usr/lib/python3/dist-packages/colcon_core/task/python/colcon_distutils_commands:/home/tdp378/jax_ws/install/jax_bringup/lib/python3.10/site-packages:${PYTHONPATH} /usr/bin/python3 -W ignore:setup.py install is deprecated -W ignore:easy_install command is deprecated setup.py egg_info --egg-base ../../build/jax_bringup build --build-base /home/tdp378/jax_ws/build/jax_bringup/build install --record /home/tdp378/jax_ws/build/jax_bringup/install.log --single-version-externally-managed install_data
[0.891s] running egg_info
[0.891s] creating ../../build/jax_bringup/jax_bringup.egg-info
[0.891s] writing ../../build/jax_bringup/jax_bringup.egg-info/PKG-INFO
[0.891s] writing dependency_links to ../../build/jax_bringup/jax_bringup.egg-info/dependency_links.txt
[0.892s] writing entry points to ../../build/jax_bringup/jax_bringup.egg-info/entry_points.txt
[0.892s] writing requirements to ../../build/jax_bringup/jax_bringup.egg-info/requires.txt
[0.892s] writing top-level names to ../../build/jax_bringup/jax_bringup.egg-info/top_level.txt
[0.892s] writing manifest file '../../build/jax_bringup/jax_bringup.egg-info/SOURCES.txt'
[0.893s] reading manifest file '../../build/jax_bringup/jax_bringup.egg-info/SOURCES.txt'
[0.893s] writing manifest file '../../build/jax_bringup/jax_bringup.egg-info/SOURCES.txt'
[0.893s] running build
[0.893s] running build_py
[0.893s] creating /home/tdp378/jax_ws/build/jax_bringup/build
[0.893s] creating /home/tdp378/jax_ws/build/jax_bringup/build/lib
[0.893s] creating /home/tdp378/jax_ws/build/jax_bringup/build/lib/jax_bringup
[0.893s] copying jax_bringup/initial_pose.py -> /home/tdp378/jax_ws/build/jax_bringup/build/lib/jax_bringup
[0.893s] copying jax_bringup/__init__.py -> /home/tdp378/jax_ws/build/jax_bringup/build/lib/jax_bringup
[0.893s] running install
[0.894s] running install_lib
[0.894s] creating /home/tdp378/jax_ws/install/jax_bringup/lib/python3.10/site-packages/jax_bringup
[0.894s] copying /home/tdp378/jax_ws/build/jax_bringup/build/lib/jax_bringup/initial_pose.py -> /home/tdp378/jax_ws/install/jax_bringup/lib/python3.10/site-packages/jax_bringup
[0.894s] copying /home/tdp378/jax_ws/build/jax_bringup/build/lib/jax_bringup/__init__.py -> /home/tdp378/jax_ws/install/jax_bringup/lib/python3.10/site-packages/jax_bringup
[0.894s] byte-compiling /home/tdp378/jax_ws/install/jax_bringup/lib/python3.10/site-packages/jax_bringup/initial_pose.py to initial_pose.cpython-310.pyc
[0.895s] byte-compiling /home/tdp378/jax_ws/install/jax_bringup/lib/python3.10/site-packages/jax_bringup/__init__.py to __init__.cpython-310.pyc
[0.895s] running install_data
[0.895s] creating /home/tdp378/jax_ws/install/jax_bringup/share/ament_index
[0.895s] creating /home/tdp378/jax_ws/install/jax_bringup/share/ament_index/resource_index
[0.895s] creating /home/tdp378/jax_ws/install/jax_bringup/share/ament_index/resource_index/packages
[0.895s] copying resource/jax_bringup -> /home/tdp378/jax_ws/install/jax_bringup/share/ament_index/resource_index/packages
[0.895s] copying package.xml -> /home/tdp378/jax_ws/install/jax_bringup/share/jax_bringup
[0.895s] creating /home/tdp378/jax_ws/install/jax_bringup/share/jax_bringup/launch
[0.895s] copying launch/sim.launch.py -> /home/tdp378/jax_ws/install/jax_bringup/share/jax_bringup/launch
[0.895s] creating /home/tdp378/jax_ws/install/jax_bringup/share/jax_bringup/config
[0.895s] copying config/jax_controllers.yaml -> /home/tdp378/jax_ws/install/jax_bringup/share/jax_bringup/config
[0.895s] running install_egg_info
[0.896s] Copying ../../build/jax_bringup/jax_bringup.egg-info to /home/tdp378/jax_ws/install/jax_bringup/lib/python3.10/site-packages/jax_bringup-0.0.0-py3.10.egg-info
[0.896s] running install_scripts
[0.908s] Installing initial_pose script to /home/tdp378/jax_ws/install/jax_bringup/lib/jax_bringup
[0.908s] writing list of installed files to '/home/tdp378/jax_ws/build/jax_bringup/install.log'
[0.924s] Invoked command in '/home/tdp378/jax_ws/src/jax_bringup' returned '0': PYTHONPATH=/home/tdp378/jax_ws/build/jax_bringup/prefix_override:/usr/lib/python3/dist-packages/colcon_core/task/python/colcon_distutils_commands:/home/tdp378/jax_ws/install/jax_bringup/lib/python3.10/site-packages:${PYTHONPATH} /usr/bin/python3 -W ignore:setup.py install is deprecated -W ignore:easy_install command is deprecated setup.py egg_info --egg-base ../../build/jax_bringup build --build-base /home/tdp378/jax_ws/build/jax_bringup/build install --record /home/tdp378/jax_ws/build/jax_bringup/install.log --single-version-externally-managed install_data
