/home/tdp378/jax_ws/install/jax_controller/lib/python3.10/site-packages/jax_controller/State.py
/home/tdp378/jax_ws/install/jax_controller/lib/python3.10/site-packages/jax_controller/Command.py
/home/tdp378/jax_ws/install/jax_controller/lib/python3.10/site-packages/jax_controller/Kinematics copy.py
/home/tdp378/jax_ws/install/jax_controller/lib/python3.10/site-packages/jax_controller/Config.py
/home/tdp378/jax_ws/install/jax_controller/lib/python3.10/site-packages/jax_controller/StanceController.py
/home/tdp378/jax_ws/install/jax_controller/lib/python3.10/site-packages/jax_controller/Gaits.py
/home/tdp378/jax_ws/install/jax_controller/lib/python3.10/site-packages/jax_controller/__init__.py
/home/tdp378/jax_ws/install/jax_controller/lib/python3.10/site-packages/jax_controller/Kinematics.py
/home/tdp378/jax_ws/install/jax_controller/lib/python3.10/site-packages/jax_controller/jax_brain.py
/home/tdp378/jax_ws/install/jax_controller/lib/python3.10/site-packages/jax_controller/SwingLegController.py
/home/tdp378/jax_ws/install/jax_controller/lib/python3.10/site-packages/jax_controller/Controller.py
/home/tdp378/jax_ws/install/jax_controller/lib/python3.10/site-packages/jax_controller/util.py
/home/tdp378/jax_ws/install/jax_controller/lib/python3.10/site-packages/jax_controller/__pycache__/State.cpython-310.pyc
/home/tdp378/jax_ws/install/jax_controller/lib/python3.10/site-packages/jax_controller/__pycache__/Command.cpython-310.pyc
/home/tdp378/jax_ws/install/jax_controller/lib/python3.10/site-packages/jax_controller/__pycache__/Kinematics copy.cpython-310.pyc
/home/tdp378/jax_ws/install/jax_controller/lib/python3.10/site-packages/jax_controller/__pycache__/Config.cpython-310.pyc
/home/tdp378/jax_ws/install/jax_controller/lib/python3.10/site-packages/jax_controller/__pycache__/StanceController.cpython-310.pyc
/home/tdp378/jax_ws/install/jax_controller/lib/python3.10/site-packages/jax_controller/__pycache__/Gaits.cpython-310.pyc
/home/tdp378/jax_ws/install/jax_controller/lib/python3.10/site-packages/jax_controller/__pycache__/__init__.cpython-310.pyc
/home/tdp378/jax_ws/install/jax_controller/lib/python3.10/site-packages/jax_controller/__pycache__/Kinematics.cpython-310.pyc
/home/tdp378/jax_ws/install/jax_controller/lib/python3.10/site-packages/jax_controller/__pycache__/jax_brain.cpython-310.pyc
/home/tdp378/jax_ws/install/jax_controller/lib/python3.10/site-packages/jax_controller/__pycache__/SwingLegController.cpython-310.pyc
/home/tdp378/jax_ws/install/jax_controller/lib/python3.10/site-packages/jax_controller/__pycache__/Controller.cpython-310.pyc
/home/tdp378/jax_ws/install/jax_controller/lib/python3.10/site-packages/jax_controller/__pycache__/util.cpython-310.pyc
/home/tdp378/jax_ws/install/jax_controller/share/ament_index/resource_index/packages/jax_controller
/home/tdp378/jax_ws/install/jax_controller/share/jax_controller/package.xml
/home/tdp378/jax_ws/install/jax_controller/share/jax_controller/launch
/home/tdp378/jax_ws/install/jax_controller/lib/python3.10/site-packages/jax_controller-0.0.0-py3.10.egg-info/zip-safe
/home/tdp378/jax_ws/install/jax_controller/lib/python3.10/site-packages/jax_controller-0.0.0-py3.10.egg-info/requires.txt
/home/tdp378/jax_ws/install/jax_controller/lib/python3.10/site-packages/jax_controller-0.0.0-py3.10.egg-info/dependency_links.txt
/home/tdp378/jax_ws/install/jax_controller/lib/python3.10/site-packages/jax_controller-0.0.0-py3.10.egg-info/entry_points.txt
/home/tdp378/jax_ws/install/jax_controller/lib/python3.10/site-packages/jax_controller-0.0.0-py3.10.egg-info/SOURCES.txt
/home/tdp378/jax_ws/install/jax_controller/lib/python3.10/site-packages/jax_controller-0.0.0-py3.10.egg-info/PKG-INFO
/home/tdp378/jax_ws/install/jax_controller/lib/python3.10/site-packages/jax_controller-0.0.0-py3.10.egg-info/top_level.txt
/home/tdp378/jax_ws/install/jax_controller/lib/jax_controller/jax_brain
