[0.068s] DEBUG:colcon:Command line arguments: ['/usr/bin/colcon', 'build', '--symlink-install', '--packages-select', 'jax_controller']
[0.068s] DEBUG:colcon:Parsed command line arguments: Namespace(log_base=None, log_level=None, verb_name='build', build_base='build', install_base='install', merge_install=False, symlink_install=True, test_result_base=None, continue_on_error=False, executor='parallel', parallel_workers=16, event_handlers=None, ignore_user_meta=False, metas=['./colcon.meta'], base_paths=['.'], packages_ignore=None, packages_ignore_regex=None, paths=None, packages_up_to=None, packages_up_to_regex=None, packages_above=None, packages_above_and_dependencies=None, packages_above_depth=None, packages_select_by_dep=None, packages_skip_by_dep=None, packages_skip_up_to=None, packages_select_build_failed=False, packages_skip_build_finished=False, packages_select_test_failures=False, packages_skip_test_passed=False, packages_select=['jax_controller'], packages_skip=None, packages_select_regex=None, packages_skip_regex=None, packages_start=None, packages_end=None, allow_overriding=[], cmake_args=None, cmake_target=None, cmake_target_skip_unavailable=False, cmake_clean_cache=False, cmake_clean_first=False, cmake_force_configure=False, ament_cmake_args=None, catkin_cmake_args=None, catkin_skip_building_tests=False, verb_parser=<colcon_defaults.argument_parser.defaults.DefaultArgumentsDecorator object at 0x797591660700>, verb_extension=<colcon_core.verb.build.BuildVerb object at 0x797591660130>, main=<bound method BuildVerb.main of <colcon_core.verb.build.BuildVerb object at 0x797591660130>>)
[0.189s] Level 1:colcon.colcon_core.package_discovery:discover_packages(colcon_meta) check parameters
[0.189s] Level 1:colcon.colcon_core.package_discovery:discover_packages(recursive) check parameters
[0.189s] Level 1:colcon.colcon_core.package_discovery:discover_packages(ignore) check parameters
[0.189s] Level 1:colcon.colcon_core.package_discovery:discover_packages(path) check parameters
[0.189s] Level 1:colcon.colcon_core.package_discovery:discover_packages(colcon_meta) discover
[0.189s] Level 1:colcon.colcon_core.package_discovery:discover_packages(recursive) discover
[0.189s] INFO:colcon.colcon_core.package_discovery:Crawling recursively for packages in '/home/tdp378/jax_ws'
[0.189s] Level 1:colcon.colcon_core.package_identification:_identify(.) by extensions ['ignore', 'ignore_ament_install']
[0.189s] Level 1:colcon.colcon_core.package_identification:_identify(.) by extension 'ignore'
[0.189s] Level 1:colcon.colcon_core.package_identification:_identify(.) by extension 'ignore_ament_install'
[0.189s] Level 1:colcon.colcon_core.package_identification:_identify(.) by extensions ['colcon_pkg']
[0.190s] Level 1:colcon.colcon_core.package_identification:_identify(.) by extension 'colcon_pkg'
[0.190s] Level 1:colcon.colcon_core.package_identification:_identify(.) by extensions ['colcon_meta']
[0.190s] Level 1:colcon.colcon_core.package_identification:_identify(.) by extension 'colcon_meta'
[0.190s] Level 1:colcon.colcon_core.package_identification:_identify(.) by extensions ['ros']
[0.190s] Level 1:colcon.colcon_core.package_identification:_identify(.) by extension 'ros'
[0.197s] Level 1:colcon.colcon_core.package_identification:_identify(.) by extensions ['cmake', 'python']
[0.197s] Level 1:colcon.colcon_core.package_identification:_identify(.) by extension 'cmake'
[0.197s] Level 1:colcon.colcon_core.package_identification:_identify(.) by extension 'python'
[0.197s] Level 1:colcon.colcon_core.package_identification:_identify(.) by extensions ['python_setup_py']
[0.197s] Level 1:colcon.colcon_core.package_identification:_identify(.) by extension 'python_setup_py'
[0.197s] Level 1:colcon.colcon_core.package_identification:_identify(build) by extensions ['ignore', 'ignore_ament_install']
[0.197s] Level 1:colcon.colcon_core.package_identification:_identify(build) by extension 'ignore'
[0.197s] Level 1:colcon.colcon_core.package_identification:_identify(build) ignored
[0.197s] Level 1:colcon.colcon_core.package_identification:_identify(install) by extensions ['ignore', 'ignore_ament_install']
[0.197s] Level 1:colcon.colcon_core.package_identification:_identify(install) by extension 'ignore'
[0.197s] Level 1:colcon.colcon_core.package_identification:_identify(install) ignored
[0.197s] Level 1:colcon.colcon_core.package_identification:_identify(log) by extensions ['ignore', 'ignore_ament_install']
[0.198s] Level 1:colcon.colcon_core.package_identification:_identify(log) by extension 'ignore'
[0.198s] Level 1:colcon.colcon_core.package_identification:_identify(log) ignored
[0.198s] Level 1:colcon.colcon_core.package_identification:_identify(src) by extensions ['ignore', 'ignore_ament_install']
[0.198s] Level 1:colcon.colcon_core.package_identification:_identify(src) by extension 'ignore'
[0.198s] Level 1:colcon.colcon_core.package_identification:_identify(src) by extension 'ignore_ament_install'
[0.198s] Level 1:colcon.colcon_core.package_identification:_identify(src) by extensions ['colcon_pkg']
[0.198s] Level 1:colcon.colcon_core.package_identification:_identify(src) by extension 'colcon_pkg'
[0.198s] Level 1:colcon.colcon_core.package_identification:_identify(src) by extensions ['colcon_meta']
[0.198s] Level 1:colcon.colcon_core.package_identification:_identify(src) by extension 'colcon_meta'
[0.198s] Level 1:colcon.colcon_core.package_identification:_identify(src) by extensions ['ros']
[0.198s] Level 1:colcon.colcon_core.package_identification:_identify(src) by extension 'ros'
[0.198s] Level 1:colcon.colcon_core.package_identification:_identify(src) by extensions ['cmake', 'python']
[0.198s] Level 1:colcon.colcon_core.package_identification:_identify(src) by extension 'cmake'
[0.198s] Level 1:colcon.colcon_core.package_identification:_identify(src) by extension 'python'
[0.198s] Level 1:colcon.colcon_core.package_identification:_identify(src) by extensions ['python_setup_py']
[0.198s] Level 1:colcon.colcon_core.package_identification:_identify(src) by extension 'python_setup_py'
[0.198s] Level 1:colcon.colcon_core.package_identification:_identify(src/jax_bringup) by extensions ['ignore', 'ignore_ament_install']
[0.198s] Level 1:colcon.colcon_core.package_identification:_identify(src/jax_bringup) by extension 'ignore'
[0.198s] Level 1:colcon.colcon_core.package_identification:_identify(src/jax_bringup) by extension 'ignore_ament_install'
[0.198s] Level 1:colcon.colcon_core.package_identification:_identify(src/jax_bringup) by extensions ['colcon_pkg']
[0.198s] Level 1:colcon.colcon_core.package_identification:_identify(src/jax_bringup) by extension 'colcon_pkg'
[0.198s] Level 1:colcon.colcon_core.package_identification:_identify(src/jax_bringup) by extensions ['colcon_meta']
[0.198s] Level 1:colcon.colcon_core.package_identification:_identify(src/jax_bringup) by extension 'colcon_meta'
[0.198s] Level 1:colcon.colcon_core.package_identification:_identify(src/jax_bringup) by extensions ['ros']
[0.198s] Level 1:colcon.colcon_core.package_identification:_identify(src/jax_bringup) by extension 'ros'
[0.200s] DEBUG:colcon.colcon_core.package_identification:Package 'src/jax_bringup' with type 'ros.ament_python' and name 'jax_bringup'
[0.200s] Level 1:colcon.colcon_core.package_identification:_identify(src/jax_control) by extensions ['ignore', 'ignore_ament_install']
[0.201s] Level 1:colcon.colcon_core.package_identification:_identify(src/jax_control) by extension 'ignore'
[0.201s] Level 1:colcon.colcon_core.package_identification:_identify(src/jax_control) by extension 'ignore_ament_install'
[0.201s] Level 1:colcon.colcon_core.package_identification:_identify(src/jax_control) by extensions ['colcon_pkg']
[0.201s] Level 1:colcon.colcon_core.package_identification:_identify(src/jax_control) by extension 'colcon_pkg'
[0.201s] Level 1:colcon.colcon_core.package_identification:_identify(src/jax_control) by extensions ['colcon_meta']
[0.201s] Level 1:colcon.colcon_core.package_identification:_identify(src/jax_control) by extension 'colcon_meta'
[0.201s] Level 1:colcon.colcon_core.package_identification:_identify(src/jax_control) by extensions ['ros']
[0.201s] Level 1:colcon.colcon_core.package_identification:_identify(src/jax_control) by extension 'ros'
[0.201s] Level 1:colcon.colcon_core.package_identification:_identify(src/jax_control) by extensions ['cmake', 'python']
[0.201s] Level 1:colcon.colcon_core.package_identification:_identify(src/jax_control) by extension 'cmake'
[0.201s] Level 1:colcon.colcon_core.package_identification:_identify(src/jax_control) by extension 'python'
[0.201s] Level 1:colcon.colcon_core.package_identification:_identify(src/jax_control) by extensions ['python_setup_py']
[0.202s] Level 1:colcon.colcon_core.package_identification:_identify(src/jax_control) by extension 'python_setup_py'
[0.202s] Level 1:colcon.colcon_core.package_identification:_identify(src/jax_control/jax_control) by extensions ['ignore', 'ignore_ament_install']
[0.202s] Level 1:colcon.colcon_core.package_identification:_identify(src/jax_control/jax_control) by extension 'ignore'
[0.202s] Level 1:colcon.colcon_core.package_identification:_identify(src/jax_control/jax_control) by extension 'ignore_ament_install'
[0.202s] Level 1:colcon.colcon_core.package_identification:_identify(src/jax_control/jax_control) by extensions ['colcon_pkg']
[0.202s] Level 1:colcon.colcon_core.package_identification:_identify(src/jax_control/jax_control) by extension 'colcon_pkg'
[0.202s] Level 1:colcon.colcon_core.package_identification:_identify(src/jax_control/jax_control) by extensions ['colcon_meta']
[0.202s] Level 1:colcon.colcon_core.package_identification:_identify(src/jax_control/jax_control) by extension 'colcon_meta'
[0.202s] Level 1:colcon.colcon_core.package_identification:_identify(src/jax_control/jax_control) by extensions ['ros']
[0.202s] Level 1:colcon.colcon_core.package_identification:_identify(src/jax_control/jax_control) by extension 'ros'
[0.202s] Level 1:colcon.colcon_core.package_identification:_identify(src/jax_control/jax_control) by extensions ['cmake', 'python']
[0.202s] Level 1:colcon.colcon_core.package_identification:_identify(src/jax_control/jax_control) by extension 'cmake'
[0.202s] Level 1:colcon.colcon_core.package_identification:_identify(src/jax_control/jax_control) by extension 'python'
[0.202s] Level 1:colcon.colcon_core.package_identification:_identify(src/jax_control/jax_control) by extensions ['python_setup_py']
[0.202s] Level 1:colcon.colcon_core.package_identification:_identify(src/jax_control/jax_control) by extension 'python_setup_py'
[0.203s] Level 1:colcon.colcon_core.package_identification:_identify(src/jax_control/jax_control/msg) by extensions ['ignore', 'ignore_ament_install']
[0.203s] Level 1:colcon.colcon_core.package_identification:_identify(src/jax_control/jax_control/msg) by extension 'ignore'
[0.203s] Level 1:colcon.colcon_core.package_identification:_identify(src/jax_control/jax_control/msg) by extension 'ignore_ament_install'
[0.203s] Level 1:colcon.colcon_core.package_identification:_identify(src/jax_control/jax_control/msg) by extensions ['colcon_pkg']
[0.203s] Level 1:colcon.colcon_core.package_identification:_identify(src/jax_control/jax_control/msg) by extension 'colcon_pkg'
[0.203s] Level 1:colcon.colcon_core.package_identification:_identify(src/jax_control/jax_control/msg) by extensions ['colcon_meta']
[0.203s] Level 1:colcon.colcon_core.package_identification:_identify(src/jax_control/jax_control/msg) by extension 'colcon_meta'
[0.203s] Level 1:colcon.colcon_core.package_identification:_identify(src/jax_control/jax_control/msg) by extensions ['ros']
[0.203s] Level 1:colcon.colcon_core.package_identification:_identify(src/jax_control/jax_control/msg) by extension 'ros'
[0.203s] Level 1:colcon.colcon_core.package_identification:_identify(src/jax_control/jax_control/msg) by extensions ['cmake', 'python']
[0.203s] Level 1:colcon.colcon_core.package_identification:_identify(src/jax_control/jax_control/msg) by extension 'cmake'
[0.203s] Level 1:colcon.colcon_core.package_identification:_identify(src/jax_control/jax_control/msg) by extension 'python'
[0.203s] Level 1:colcon.colcon_core.package_identification:_identify(src/jax_control/jax_control/msg) by extensions ['python_setup_py']
[0.203s] Level 1:colcon.colcon_core.package_identification:_identify(src/jax_control/jax_control/msg) by extension 'python_setup_py'
[0.203s] Level 1:colcon.colcon_core.package_identification:_identify(src/jax_control/resource) by extensions ['ignore', 'ignore_ament_install']
[0.203s] Level 1:colcon.colcon_core.package_identification:_identify(src/jax_control/resource) by extension 'ignore'
[0.203s] Level 1:colcon.colcon_core.package_identification:_identify(src/jax_control/resource) by extension 'ignore_ament_install'
[0.203s] Level 1:colcon.colcon_core.package_identification:_identify(src/jax_control/resource) by extensions ['colcon_pkg']
[0.203s] Level 1:colcon.colcon_core.package_identification:_identify(src/jax_control/resource) by extension 'colcon_pkg'
[0.203s] Level 1:colcon.colcon_core.package_identification:_identify(src/jax_control/resource) by extensions ['colcon_meta']
[0.203s] Level 1:colcon.colcon_core.package_identification:_identify(src/jax_control/resource) by extension 'colcon_meta'
[0.203s] Level 1:colcon.colcon_core.package_identification:_identify(src/jax_control/resource) by extensions ['ros']
[0.203s] Level 1:colcon.colcon_core.package_identification:_identify(src/jax_control/resource) by extension 'ros'
[0.203s] Level 1:colcon.colcon_core.package_identification:_identify(src/jax_control/resource) by extensions ['cmake', 'python']
[0.203s] Level 1:colcon.colcon_core.package_identification:_identify(src/jax_control/resource) by extension 'cmake'
[0.203s] Level 1:colcon.colcon_core.package_identification:_identify(src/jax_control/resource) by extension 'python'
[0.203s] Level 1:colcon.colcon_core.package_identification:_identify(src/jax_control/resource) by extensions ['python_setup_py']
[0.203s] Level 1:colcon.colcon_core.package_identification:_identify(src/jax_control/resource) by extension 'python_setup_py'
[0.203s] Level 1:colcon.colcon_core.package_identification:_identify(src/jax_control/test) by extensions ['ignore', 'ignore_ament_install']
[0.203s] Level 1:colcon.colcon_core.package_identification:_identify(src/jax_control/test) by extension 'ignore'
[0.203s] Level 1:colcon.colcon_core.package_identification:_identify(src/jax_control/test) by extension 'ignore_ament_install'
[0.203s] Level 1:colcon.colcon_core.package_identification:_identify(src/jax_control/test) by extensions ['colcon_pkg']
[0.204s] Level 1:colcon.colcon_core.package_identification:_identify(src/jax_control/test) by extension 'colcon_pkg'
[0.204s] Level 1:colcon.colcon_core.package_identification:_identify(src/jax_control/test) by extensions ['colcon_meta']
[0.204s] Level 1:colcon.colcon_core.package_identification:_identify(src/jax_control/test) by extension 'colcon_meta'
[0.204s] Level 1:colcon.colcon_core.package_identification:_identify(src/jax_control/test) by extensions ['ros']
[0.204s] Level 1:colcon.colcon_core.package_identification:_identify(src/jax_control/test) by extension 'ros'
[0.204s] Level 1:colcon.colcon_core.package_identification:_identify(src/jax_control/test) by extensions ['cmake', 'python']
[0.204s] Level 1:colcon.colcon_core.package_identification:_identify(src/jax_control/test) by extension 'cmake'
[0.204s] Level 1:colcon.colcon_core.package_identification:_identify(src/jax_control/test) by extension 'python'
[0.204s] Level 1:colcon.colcon_core.package_identification:_identify(src/jax_control/test) by extensions ['python_setup_py']
[0.204s] Level 1:colcon.colcon_core.package_identification:_identify(src/jax_control/test) by extension 'python_setup_py'
[0.204s] Level 1:colcon.colcon_core.package_identification:_identify(src/jax_controller) by extensions ['ignore', 'ignore_ament_install']
[0.204s] Level 1:colcon.colcon_core.package_identification:_identify(src/jax_controller) by extension 'ignore'
[0.204s] Level 1:colcon.colcon_core.package_identification:_identify(src/jax_controller) by extension 'ignore_ament_install'
[0.204s] Level 1:colcon.colcon_core.package_identification:_identify(src/jax_controller) by extensions ['colcon_pkg']
[0.204s] Level 1:colcon.colcon_core.package_identification:_identify(src/jax_controller) by extension 'colcon_pkg'
[0.204s] Level 1:colcon.colcon_core.package_identification:_identify(src/jax_controller) by extensions ['colcon_meta']
[0.204s] Level 1:colcon.colcon_core.package_identification:_identify(src/jax_controller) by extension 'colcon_meta'
[0.204s] Level 1:colcon.colcon_core.package_identification:_identify(src/jax_controller) by extensions ['ros']
[0.204s] Level 1:colcon.colcon_core.package_identification:_identify(src/jax_controller) by extension 'ros'
[0.205s] DEBUG:colcon.colcon_core.package_identification:Package 'src/jax_controller' with type 'ros.ament_python' and name 'jax_controller'
[0.205s] Level 1:colcon.colcon_core.package_identification:_identify(src/jax_description) by extensions ['ignore', 'ignore_ament_install']
[0.205s] Level 1:colcon.colcon_core.package_identification:_identify(src/jax_description) by extension 'ignore'
[0.205s] Level 1:colcon.colcon_core.package_identification:_identify(src/jax_description) by extension 'ignore_ament_install'
[0.205s] Level 1:colcon.colcon_core.package_identification:_identify(src/jax_description) by extensions ['colcon_pkg']
[0.205s] Level 1:colcon.colcon_core.package_identification:_identify(src/jax_description) by extension 'colcon_pkg'
[0.205s] Level 1:colcon.colcon_core.package_identification:_identify(src/jax_description) by extensions ['colcon_meta']
[0.205s] Level 1:colcon.colcon_core.package_identification:_identify(src/jax_description) by extension 'colcon_meta'
[0.205s] Level 1:colcon.colcon_core.package_identification:_identify(src/jax_description) by extensions ['ros']
[0.205s] Level 1:colcon.colcon_core.package_identification:_identify(src/jax_description) by extension 'ros'
[0.205s] DEBUG:colcon.colcon_core.package_identification:Package 'src/jax_description' with type 'ros.ament_cmake' and name 'jax_description'
[0.205s] Level 1:colcon.colcon_core.package_identification:_identify(src/jax_hardware_peripherals) by extensions ['ignore', 'ignore_ament_install']
[0.205s] Level 1:colcon.colcon_core.package_identification:_identify(src/jax_hardware_peripherals) by extension 'ignore'
[0.205s] Level 1:colcon.colcon_core.package_identification:_identify(src/jax_hardware_peripherals) by extension 'ignore_ament_install'
[0.205s] Level 1:colcon.colcon_core.package_identification:_identify(src/jax_hardware_peripherals) by extensions ['colcon_pkg']
[0.205s] Level 1:colcon.colcon_core.package_identification:_identify(src/jax_hardware_peripherals) by extension 'colcon_pkg'
[0.205s] Level 1:colcon.colcon_core.package_identification:_identify(src/jax_hardware_peripherals) by extensions ['colcon_meta']
[0.205s] Level 1:colcon.colcon_core.package_identification:_identify(src/jax_hardware_peripherals) by extension 'colcon_meta'
[0.205s] Level 1:colcon.colcon_core.package_identification:_identify(src/jax_hardware_peripherals) by extensions ['ros']
[0.205s] Level 1:colcon.colcon_core.package_identification:_identify(src/jax_hardware_peripherals) by extension 'ros'
[0.206s] Level 1:colcon.colcon_core.package_identification:_identify(src/jax_hardware_peripherals) by extensions ['cmake', 'python']
[0.206s] Level 1:colcon.colcon_core.package_identification:_identify(src/jax_hardware_peripherals) by extension 'cmake'
[0.206s] Level 1:colcon.colcon_core.package_identification:_identify(src/jax_hardware_peripherals) by extension 'python'
[0.206s] Level 1:colcon.colcon_core.package_identification:_identify(src/jax_hardware_peripherals) by extensions ['python_setup_py']
[0.206s] Level 1:colcon.colcon_core.package_identification:_identify(src/jax_hardware_peripherals) by extension 'python_setup_py'
[0.206s] Level 1:colcon.colcon_core.package_identification:_identify(src/jax_hardware_peripherals/jax_hardware_peripherals) by extensions ['ignore', 'ignore_ament_install']
[0.206s] Level 1:colcon.colcon_core.package_identification:_identify(src/jax_hardware_peripherals/jax_hardware_peripherals) by extension 'ignore'
[0.206s] Level 1:colcon.colcon_core.package_identification:_identify(src/jax_hardware_peripherals/jax_hardware_peripherals) by extension 'ignore_ament_install'
[0.206s] Level 1:colcon.colcon_core.package_identification:_identify(src/jax_hardware_peripherals/jax_hardware_peripherals) by extensions ['colcon_pkg']
[0.206s] Level 1:colcon.colcon_core.package_identification:_identify(src/jax_hardware_peripherals/jax_hardware_peripherals) by extension 'colcon_pkg'
[0.206s] Level 1:colcon.colcon_core.package_identification:_identify(src/jax_hardware_peripherals/jax_hardware_peripherals) by extensions ['colcon_meta']
[0.206s] Level 1:colcon.colcon_core.package_identification:_identify(src/jax_hardware_peripherals/jax_hardware_peripherals) by extension 'colcon_meta'
[0.206s] Level 1:colcon.colcon_core.package_identification:_identify(src/jax_hardware_peripherals/jax_hardware_peripherals) by extensions ['ros']
[0.206s] Level 1:colcon.colcon_core.package_identification:_identify(src/jax_hardware_peripherals/jax_hardware_peripherals) by extension 'ros'
[0.206s] Level 1:colcon.colcon_core.package_identification:_identify(src/jax_hardware_peripherals/jax_hardware_peripherals) by extensions ['cmake', 'python']
[0.206s] Level 1:colcon.colcon_core.package_identification:_identify(src/jax_hardware_peripherals/jax_hardware_peripherals) by extension 'cmake'
[0.206s] Level 1:colcon.colcon_core.package_identification:_identify(src/jax_hardware_peripherals/jax_hardware_peripherals) by extension 'python'
[0.206s] Level 1:colcon.colcon_core.package_identification:_identify(src/jax_hardware_peripherals/jax_hardware_peripherals) by extensions ['python_setup_py']
[0.206s] Level 1:colcon.colcon_core.package_identification:_identify(src/jax_hardware_peripherals/jax_hardware_peripherals) by extension 'python_setup_py'
[0.206s] Level 1:colcon.colcon_core.package_identification:_identify(src/jax_hardware_peripherals/resource) by extensions ['ignore', 'ignore_ament_install']
[0.206s] Level 1:colcon.colcon_core.package_identification:_identify(src/jax_hardware_peripherals/resource) by extension 'ignore'
[0.206s] Level 1:colcon.colcon_core.package_identification:_identify(src/jax_hardware_peripherals/resource) by extension 'ignore_ament_install'
[0.206s] Level 1:colcon.colcon_core.package_identification:_identify(src/jax_hardware_peripherals/resource) by extensions ['colcon_pkg']
[0.206s] Level 1:colcon.colcon_core.package_identification:_identify(src/jax_hardware_peripherals/resource) by extension 'colcon_pkg'
[0.206s] Level 1:colcon.colcon_core.package_identification:_identify(src/jax_hardware_peripherals/resource) by extensions ['colcon_meta']
[0.206s] Level 1:colcon.colcon_core.package_identification:_identify(src/jax_hardware_peripherals/resource) by extension 'colcon_meta'
[0.206s] Level 1:colcon.colcon_core.package_identification:_identify(src/jax_hardware_peripherals/resource) by extensions ['ros']
[0.206s] Level 1:colcon.colcon_core.package_identification:_identify(src/jax_hardware_peripherals/resource) by extension 'ros'
[0.206s] Level 1:colcon.colcon_core.package_identification:_identify(src/jax_hardware_peripherals/resource) by extensions ['cmake', 'python']
[0.206s] Level 1:colcon.colcon_core.package_identification:_identify(src/jax_hardware_peripherals/resource) by extension 'cmake'
[0.206s] Level 1:colcon.colcon_core.package_identification:_identify(src/jax_hardware_peripherals/resource) by extension 'python'
[0.206s] Level 1:colcon.colcon_core.package_identification:_identify(src/jax_hardware_peripherals/resource) by extensions ['python_setup_py']
[0.206s] Level 1:colcon.colcon_core.package_identification:_identify(src/jax_hardware_peripherals/resource) by extension 'python_setup_py'
[0.207s] Level 1:colcon.colcon_core.package_identification:_identify(src/jax_hardware_peripherals/test) by extensions ['ignore', 'ignore_ament_install']
[0.207s] Level 1:colcon.colcon_core.package_identification:_identify(src/jax_hardware_peripherals/test) by extension 'ignore'
[0.207s] Level 1:colcon.colcon_core.package_identification:_identify(src/jax_hardware_peripherals/test) by extension 'ignore_ament_install'
[0.207s] Level 1:colcon.colcon_core.package_identification:_identify(src/jax_hardware_peripherals/test) by extensions ['colcon_pkg']
[0.207s] Level 1:colcon.colcon_core.package_identification:_identify(src/jax_hardware_peripherals/test) by extension 'colcon_pkg'
[0.207s] Level 1:colcon.colcon_core.package_identification:_identify(src/jax_hardware_peripherals/test) by extensions ['colcon_meta']
[0.207s] Level 1:colcon.colcon_core.package_identification:_identify(src/jax_hardware_peripherals/test) by extension 'colcon_meta'
[0.207s] Level 1:colcon.colcon_core.package_identification:_identify(src/jax_hardware_peripherals/test) by extensions ['ros']
[0.207s] Level 1:colcon.colcon_core.package_identification:_identify(src/jax_hardware_peripherals/test) by extension 'ros'
[0.207s] Level 1:colcon.colcon_core.package_identification:_identify(src/jax_hardware_peripherals/test) by extensions ['cmake', 'python']
[0.207s] Level 1:colcon.colcon_core.package_identification:_identify(src/jax_hardware_peripherals/test) by extension 'cmake'
[0.207s] Level 1:colcon.colcon_core.package_identification:_identify(src/jax_hardware_peripherals/test) by extension 'python'
[0.207s] Level 1:colcon.colcon_core.package_identification:_identify(src/jax_hardware_peripherals/test) by extensions ['python_setup_py']
[0.207s] Level 1:colcon.colcon_core.package_identification:_identify(src/jax_hardware_peripherals/test) by extension 'python_setup_py'
[0.207s] Level 1:colcon.colcon_core.package_discovery:discover_packages(recursive) using defaults
[0.207s] Level 1:colcon.colcon_core.package_discovery:discover_packages(ignore) discover
[0.207s] Level 1:colcon.colcon_core.package_discovery:discover_packages(ignore) using defaults
[0.207s] Level 1:colcon.colcon_core.package_discovery:discover_packages(path) discover
[0.207s] Level 1:colcon.colcon_core.package_discovery:discover_packages(path) using defaults
[0.224s] INFO:colcon.colcon_core.package_selection:Skipping not selected package 'jax_bringup' in 'src/jax_bringup'
[0.224s] INFO:colcon.colcon_core.package_selection:Skipping not selected package 'jax_description' in 'src/jax_description'
[0.224s] Level 1:colcon.colcon_core.package_discovery:discover_packages(prefix_path) check parameters
[0.225s] Level 1:colcon.colcon_core.package_discovery:discover_packages(prefix_path) discover
[0.225s] WARNING:colcon.colcon_ros.prefix_path.ament:The path '/home/tdp378/jax_ws/install/jax_description' in the environment variable AMENT_PREFIX_PATH doesn't exist
[0.225s] WARNING:colcon.colcon_ros.prefix_path.ament:The path '/home/tdp378/jax_ws/install/jax_controller' in the environment variable AMENT_PREFIX_PATH doesn't exist
[0.225s] WARNING:colcon.colcon_ros.prefix_path.ament:The path '/home/tdp378/jax_ws/install/jax_bringup' in the environment variable AMENT_PREFIX_PATH doesn't exist
[0.225s] WARNING:colcon.colcon_ros.prefix_path.catkin:The path '/home/tdp378/jax_ws/install/jax_description' in the environment variable CMAKE_PREFIX_PATH doesn't exist
[0.226s] DEBUG:colcon.colcon_installed_package_information.package_discovery:Found 0 installed packages in /home/tdp378/jax_ws/install
[0.227s] DEBUG:colcon.colcon_installed_package_information.package_discovery:Found 378 installed packages in /opt/ros/humble
[0.228s] Level 1:colcon.colcon_core.package_discovery:discover_packages(prefix_path) using defaults
[0.254s] Level 5:colcon.colcon_core.verb:set package 'jax_controller' build argument 'cmake_args' from command line to 'None'
[0.254s] Level 5:colcon.colcon_core.verb:set package 'jax_controller' build argument 'cmake_target' from command line to 'None'
[0.254s] Level 5:colcon.colcon_core.verb:set package 'jax_controller' build argument 'cmake_target_skip_unavailable' from command line to 'False'
[0.254s] Level 5:colcon.colcon_core.verb:set package 'jax_controller' build argument 'cmake_clean_cache' from command line to 'False'
[0.254s] Level 5:colcon.colcon_core.verb:set package 'jax_controller' build argument 'cmake_clean_first' from command line to 'False'
[0.254s] Level 5:colcon.colcon_core.verb:set package 'jax_controller' build argument 'cmake_force_configure' from command line to 'False'
[0.254s] Level 5:colcon.colcon_core.verb:set package 'jax_controller' build argument 'ament_cmake_args' from command line to 'None'
[0.254s] Level 5:colcon.colcon_core.verb:set package 'jax_controller' build argument 'catkin_cmake_args' from command line to 'None'
[0.254s] Level 5:colcon.colcon_core.verb:set package 'jax_controller' build argument 'catkin_skip_building_tests' from command line to 'False'
[0.254s] DEBUG:colcon.colcon_core.verb:Building package 'jax_controller' with the following arguments: {'ament_cmake_args': None, 'build_base': '/home/tdp378/jax_ws/build/jax_controller', 'catkin_cmake_args': None, 'catkin_skip_building_tests': False, 'cmake_args': None, 'cmake_clean_cache': False, 'cmake_clean_first': False, 'cmake_force_configure': False, 'cmake_target': None, 'cmake_target_skip_unavailable': False, 'install_base': '/home/tdp378/jax_ws/install/jax_controller', 'merge_install': False, 'path': '/home/tdp378/jax_ws/src/jax_controller', 'symlink_install': True, 'test_result_base': None}
[0.255s] INFO:colcon.colcon_core.executor:Executing jobs using 'parallel' executor
[0.255s] DEBUG:colcon.colcon_parallel_executor.executor.parallel:run_until_complete
[0.255s] INFO:colcon.colcon_ros.task.ament_python.build:Building ROS package in '/home/tdp378/jax_ws/src/jax_controller' with build type 'ament_python'
[0.255s] Level 1:colcon.colcon_core.shell:create_environment_hook('jax_controller', 'ament_prefix_path')
[0.256s] INFO:colcon.colcon_core.plugin_system:Skipping extension 'colcon_core.shell.bat': Not used on non-Windows systems
[0.257s] INFO:colcon.colcon_core.shell:Creating environment hook '/home/tdp378/jax_ws/install/jax_controller/share/jax_controller/hook/ament_prefix_path.ps1'
[0.257s] INFO:colcon.colcon_core.shell:Creating environment descriptor '/home/tdp378/jax_ws/install/jax_controller/share/jax_controller/hook/ament_prefix_path.dsv'
[0.257s] INFO:colcon.colcon_core.shell:Creating environment hook '/home/tdp378/jax_ws/install/jax_controller/share/jax_controller/hook/ament_prefix_path.sh'
[0.258s] INFO:colcon.colcon_core.shell:Skip shell extension 'powershell' for command environment: Not usable outside of PowerShell
[0.258s] DEBUG:colcon.colcon_core.shell:Skip shell extension 'dsv' for command environment
[0.439s] INFO:colcon.colcon_core.task.python.build:Building Python package in '/home/tdp378/jax_ws/src/jax_controller'
[0.439s] INFO:colcon.colcon_core.shell:Skip shell extension 'powershell' for command environment: Not usable outside of PowerShell
[0.439s] DEBUG:colcon.colcon_core.shell:Skip shell extension 'dsv' for command environment
[0.681s] DEBUG:colcon.colcon_core.event_handler.log_command:Invoking command in '/home/tdp378/jax_ws/build/jax_controller': PYTHONPATH=/home/tdp378/jax_ws/build/jax_controller/prefix_override:/usr/lib/python3/dist-packages/colcon_core/task/python/colcon_distutils_commands:/home/tdp378/jax_ws/install/jax_controller/lib/python3.10/site-packages:${PYTHONPATH} /usr/bin/python3 -W ignore:setup.py install is deprecated -W ignore:easy_install command is deprecated setup.py develop --editable --build-directory /home/tdp378/jax_ws/build/jax_controller/build --no-deps symlink_data
[0.980s] Level 1:colcon.colcon_core.shell:create_environment_hook('jax_controller', 'pythonpath_develop')
[0.980s] INFO:colcon.colcon_core.shell:Creating environment hook '/home/tdp378/jax_ws/build/jax_controller/share/jax_controller/hook/pythonpath_develop.ps1'
[0.981s] DEBUG:colcon.colcon_core.event_handler.log_command:Invoked command in '/home/tdp378/jax_ws/build/jax_controller' returned '0': PYTHONPATH=/home/tdp378/jax_ws/build/jax_controller/prefix_override:/usr/lib/python3/dist-packages/colcon_core/task/python/colcon_distutils_commands:/home/tdp378/jax_ws/install/jax_controller/lib/python3.10/site-packages:${PYTHONPATH} /usr/bin/python3 -W ignore:setup.py install is deprecated -W ignore:easy_install command is deprecated setup.py develop --editable --build-directory /home/tdp378/jax_ws/build/jax_controller/build --no-deps symlink_data
[0.981s] INFO:colcon.colcon_core.shell:Creating environment descriptor '/home/tdp378/jax_ws/build/jax_controller/share/jax_controller/hook/pythonpath_develop.dsv'
[0.981s] INFO:colcon.colcon_core.shell:Creating environment hook '/home/tdp378/jax_ws/build/jax_controller/share/jax_controller/hook/pythonpath_develop.sh'
[0.983s] Level 1:colcon.colcon_core.environment:checking '/home/tdp378/jax_ws/install/jax_controller' for CMake module files
[0.983s] Level 1:colcon.colcon_core.environment:checking '/home/tdp378/jax_ws/install/jax_controller' for CMake config files
[0.984s] Level 1:colcon.colcon_core.environment:checking '/home/tdp378/jax_ws/install/jax_controller/lib'
[0.984s] Level 1:colcon.colcon_core.environment:checking '/home/tdp378/jax_ws/install/jax_controller/bin'
[0.984s] Level 1:colcon.colcon_core.environment:checking '/home/tdp378/jax_ws/install/jax_controller/lib/pkgconfig/jax_controller.pc'
[0.984s] Level 1:colcon.colcon_core.environment:checking '/home/tdp378/jax_ws/install/jax_controller/lib/python3.10/site-packages'
[0.984s] Level 1:colcon.colcon_core.shell:create_environment_hook('jax_controller', 'pythonpath')
[0.984s] INFO:colcon.colcon_core.shell:Creating environment hook '/home/tdp378/jax_ws/install/jax_controller/share/jax_controller/hook/pythonpath.ps1'
[0.984s] INFO:colcon.colcon_core.shell:Creating environment descriptor '/home/tdp378/jax_ws/install/jax_controller/share/jax_controller/hook/pythonpath.dsv'
[0.984s] INFO:colcon.colcon_core.shell:Creating environment hook '/home/tdp378/jax_ws/install/jax_controller/share/jax_controller/hook/pythonpath.sh'
[0.985s] Level 1:colcon.colcon_core.environment:checking '/home/tdp378/jax_ws/install/jax_controller/bin'
[0.985s] Level 1:colcon.colcon_core.environment:create_environment_scripts_only(jax_controller)
[0.985s] INFO:colcon.colcon_core.shell:Creating package script '/home/tdp378/jax_ws/install/jax_controller/share/jax_controller/package.ps1'
[0.986s] INFO:colcon.colcon_core.shell:Creating package descriptor '/home/tdp378/jax_ws/install/jax_controller/share/jax_controller/package.dsv'
[0.986s] INFO:colcon.colcon_core.shell:Creating package script '/home/tdp378/jax_ws/install/jax_controller/share/jax_controller/package.sh'
[0.986s] INFO:colcon.colcon_core.shell:Creating package script '/home/tdp378/jax_ws/install/jax_controller/share/jax_controller/package.bash'
[0.987s] INFO:colcon.colcon_core.shell:Creating package script '/home/tdp378/jax_ws/install/jax_controller/share/jax_controller/package.zsh'
[0.987s] Level 1:colcon.colcon_core.environment:create_file_with_runtime_dependencies(/home/tdp378/jax_ws/install/jax_controller/share/colcon-core/packages/jax_controller)
[0.987s] DEBUG:colcon.colcon_parallel_executor.executor.parallel:closing loop
[0.987s] DEBUG:colcon.colcon_parallel_executor.executor.parallel:loop closed
[0.987s] DEBUG:colcon.colcon_parallel_executor.executor.parallel:run_until_complete finished with '0'
[0.988s] DEBUG:colcon.colcon_core.event_reactor:joining thread
[0.990s] INFO:colcon.colcon_core.plugin_system:Skipping extension 'colcon_notification.desktop_notification.terminal_notifier': Not used on non-Darwin systems
[0.990s] INFO:colcon.colcon_core.plugin_system:Skipping extension 'colcon_notification.desktop_notification.win32': Not used on non-Windows systems
[0.991s] INFO:colcon.colcon_notification.desktop_notification:Sending desktop notification using 'notify2'
[0.997s] DEBUG:colcon.colcon_core.event_reactor:joined thread
[0.997s] INFO:colcon.colcon_core.shell:Creating prefix script '/home/tdp378/jax_ws/install/local_setup.ps1'
[0.998s] INFO:colcon.colcon_core.shell:Creating prefix util module '/home/tdp378/jax_ws/install/_local_setup_util_ps1.py'
[0.999s] INFO:colcon.colcon_core.shell:Creating prefix chain script '/home/tdp378/jax_ws/install/setup.ps1'
[1.000s] INFO:colcon.colcon_core.shell:Creating prefix script '/home/tdp378/jax_ws/install/local_setup.sh'
[1.000s] INFO:colcon.colcon_core.shell:Creating prefix util module '/home/tdp378/jax_ws/install/_local_setup_util_sh.py'
[1.001s] INFO:colcon.colcon_core.shell:Creating prefix chain script '/home/tdp378/jax_ws/install/setup.sh'
[1.002s] INFO:colcon.colcon_core.shell:Creating prefix script '/home/tdp378/jax_ws/install/local_setup.bash'
[1.002s] INFO:colcon.colcon_core.shell:Creating prefix chain script '/home/tdp378/jax_ws/install/setup.bash'
[1.002s] INFO:colcon.colcon_core.shell:Creating prefix script '/home/tdp378/jax_ws/install/local_setup.zsh'
[1.003s] INFO:colcon.colcon_core.shell:Creating prefix chain script '/home/tdp378/jax_ws/install/setup.zsh'
