[0.058s] DEBUG:colcon:Command line arguments: ['/usr/bin/colcon', 'build']
[0.058s] DEBUG:colcon:Parsed command line arguments: Namespace(log_base=None, log_level=None, verb_name='build', build_base='build', install_base='install', merge_install=False, symlink_install=False, test_result_base=None, continue_on_error=False, executor='parallel', parallel_workers=16, event_handlers=None, ignore_user_meta=False, metas=['./colcon.meta'], base_paths=['.'], packages_ignore=None, packages_ignore_regex=None, paths=None, packages_up_to=None, packages_up_to_regex=None, packages_above=None, packages_above_and_dependencies=None, packages_above_depth=None, packages_select_by_dep=None, packages_skip_by_dep=None, packages_skip_up_to=None, packages_select_build_failed=False, packages_skip_build_finished=False, packages_select_test_failures=False, packages_skip_test_passed=False, packages_select=None, packages_skip=None, packages_select_regex=None, packages_skip_regex=None, packages_start=None, packages_end=None, allow_overriding=[], cmake_args=None, cmake_target=None, cmake_target_skip_unavailable=False, cmake_clean_cache=False, cmake_clean_first=False, cmake_force_configure=False, ament_cmake_args=None, catkin_cmake_args=None, catkin_skip_building_tests=False, verb_parser=<colcon_defaults.argument_parser.defaults.DefaultArgumentsDecorator object at 0x70a784e37970>, verb_extension=<colcon_core.verb.build.BuildVerb object at 0x70a784e373a0>, main=<bound method BuildVerb.main of <colcon_core.verb.build.BuildVerb object at 0x70a784e373a0>>)
[0.163s] Level 1:colcon.colcon_core.package_discovery:discover_packages(colcon_meta) check parameters
[0.163s] Level 1:colcon.colcon_core.package_discovery:discover_packages(recursive) check parameters
[0.163s] Level 1:colcon.colcon_core.package_discovery:discover_packages(ignore) check parameters
[0.163s] Level 1:colcon.colcon_core.package_discovery:discover_packages(path) check parameters
[0.163s] Level 1:colcon.colcon_core.package_discovery:discover_packages(colcon_meta) discover
[0.163s] Level 1:colcon.colcon_core.package_discovery:discover_packages(recursive) discover
[0.163s] INFO:colcon.colcon_core.package_discovery:Crawling recursively for packages in '/home/tdp378/jax_ws'
[0.163s] Level 1:colcon.colcon_core.package_identification:_identify(.) by extensions ['ignore', 'ignore_ament_install']
[0.163s] Level 1:colcon.colcon_core.package_identification:_identify(.) by extension 'ignore'
[0.163s] Level 1:colcon.colcon_core.package_identification:_identify(.) by extension 'ignore_ament_install'
[0.163s] Level 1:colcon.colcon_core.package_identification:_identify(.) by extensions ['colcon_pkg']
[0.163s] Level 1:colcon.colcon_core.package_identification:_identify(.) by extension 'colcon_pkg'
[0.163s] Level 1:colcon.colcon_core.package_identification:_identify(.) by extensions ['colcon_meta']
[0.163s] Level 1:colcon.colcon_core.package_identification:_identify(.) by extension 'colcon_meta'
[0.163s] Level 1:colcon.colcon_core.package_identification:_identify(.) by extensions ['ros']
[0.163s] Level 1:colcon.colcon_core.package_identification:_identify(.) by extension 'ros'
[0.169s] Level 1:colcon.colcon_core.package_identification:_identify(.) by extensions ['cmake', 'python']
[0.169s] Level 1:colcon.colcon_core.package_identification:_identify(.) by extension 'cmake'
[0.169s] Level 1:colcon.colcon_core.package_identification:_identify(.) by extension 'python'
[0.169s] Level 1:colcon.colcon_core.package_identification:_identify(.) by extensions ['python_setup_py']
[0.169s] Level 1:colcon.colcon_core.package_identification:_identify(.) by extension 'python_setup_py'
[0.169s] Level 1:colcon.colcon_core.package_identification:_identify(build) by extensions ['ignore', 'ignore_ament_install']
[0.169s] Level 1:colcon.colcon_core.package_identification:_identify(build) by extension 'ignore'
[0.169s] Level 1:colcon.colcon_core.package_identification:_identify(build) ignored
[0.169s] Level 1:colcon.colcon_core.package_identification:_identify(install) by extensions ['ignore', 'ignore_ament_install']
[0.170s] Level 1:colcon.colcon_core.package_identification:_identify(install) by extension 'ignore'
[0.170s] Level 1:colcon.colcon_core.package_identification:_identify(install) ignored
[0.170s] Level 1:colcon.colcon_core.package_identification:_identify(log) by extensions ['ignore', 'ignore_ament_install']
[0.170s] Level 1:colcon.colcon_core.package_identification:_identify(log) by extension 'ignore'
[0.170s] Level 1:colcon.colcon_core.package_identification:_identify(log) ignored
[0.170s] Level 1:colcon.colcon_core.package_identification:_identify(src) by extensions ['ignore', 'ignore_ament_install']
[0.170s] Level 1:colcon.colcon_core.package_identification:_identify(src) by extension 'ignore'
[0.170s] Level 1:colcon.colcon_core.package_identification:_identify(src) by extension 'ignore_ament_install'
[0.170s] Level 1:colcon.colcon_core.package_identification:_identify(src) by extensions ['colcon_pkg']
[0.170s] Level 1:colcon.colcon_core.package_identification:_identify(src) by extension 'colcon_pkg'
[0.170s] Level 1:colcon.colcon_core.package_identification:_identify(src) by extensions ['colcon_meta']
[0.170s] Level 1:colcon.colcon_core.package_identification:_identify(src) by extension 'colcon_meta'
[0.170s] Level 1:colcon.colcon_core.package_identification:_identify(src) by extensions ['ros']
[0.170s] Level 1:colcon.colcon_core.package_identification:_identify(src) by extension 'ros'
[0.170s] Level 1:colcon.colcon_core.package_identification:_identify(src) by extensions ['cmake', 'python']
[0.170s] Level 1:colcon.colcon_core.package_identification:_identify(src) by extension 'cmake'
[0.170s] Level 1:colcon.colcon_core.package_identification:_identify(src) by extension 'python'
[0.170s] Level 1:colcon.colcon_core.package_identification:_identify(src) by extensions ['python_setup_py']
[0.170s] Level 1:colcon.colcon_core.package_identification:_identify(src) by extension 'python_setup_py'
[0.170s] Level 1:colcon.colcon_core.package_identification:_identify(src/jax_bringup) by extensions ['ignore', 'ignore_ament_install']
[0.170s] Level 1:colcon.colcon_core.package_identification:_identify(src/jax_bringup) by extension 'ignore'
[0.170s] Level 1:colcon.colcon_core.package_identification:_identify(src/jax_bringup) by extension 'ignore_ament_install'
[0.170s] Level 1:colcon.colcon_core.package_identification:_identify(src/jax_bringup) by extensions ['colcon_pkg']
[0.170s] Level 1:colcon.colcon_core.package_identification:_identify(src/jax_bringup) by extension 'colcon_pkg'
[0.170s] Level 1:colcon.colcon_core.package_identification:_identify(src/jax_bringup) by extensions ['colcon_meta']
[0.170s] Level 1:colcon.colcon_core.package_identification:_identify(src/jax_bringup) by extension 'colcon_meta'
[0.170s] Level 1:colcon.colcon_core.package_identification:_identify(src/jax_bringup) by extensions ['ros']
[0.170s] Level 1:colcon.colcon_core.package_identification:_identify(src/jax_bringup) by extension 'ros'
[0.172s] DEBUG:colcon.colcon_core.package_identification:Package 'src/jax_bringup' with type 'ros.ament_python' and name 'jax_bringup'
[0.172s] Level 1:colcon.colcon_core.package_identification:_identify(src/jax_control) by extensions ['ignore', 'ignore_ament_install']
[0.172s] Level 1:colcon.colcon_core.package_identification:_identify(src/jax_control) by extension 'ignore'
[0.172s] Level 1:colcon.colcon_core.package_identification:_identify(src/jax_control) by extension 'ignore_ament_install'
[0.172s] Level 1:colcon.colcon_core.package_identification:_identify(src/jax_control) by extensions ['colcon_pkg']
[0.172s] Level 1:colcon.colcon_core.package_identification:_identify(src/jax_control) by extension 'colcon_pkg'
[0.172s] Level 1:colcon.colcon_core.package_identification:_identify(src/jax_control) by extensions ['colcon_meta']
[0.172s] Level 1:colcon.colcon_core.package_identification:_identify(src/jax_control) by extension 'colcon_meta'
[0.172s] Level 1:colcon.colcon_core.package_identification:_identify(src/jax_control) by extensions ['ros']
[0.172s] Level 1:colcon.colcon_core.package_identification:_identify(src/jax_control) by extension 'ros'
[0.173s] Level 1:colcon.colcon_core.package_identification:_identify(src/jax_control) by extensions ['cmake', 'python']
[0.173s] Level 1:colcon.colcon_core.package_identification:_identify(src/jax_control) by extension 'cmake'
[0.173s] Level 1:colcon.colcon_core.package_identification:_identify(src/jax_control) by extension 'python'
[0.173s] Level 1:colcon.colcon_core.package_identification:_identify(src/jax_control) by extensions ['python_setup_py']
[0.173s] Level 1:colcon.colcon_core.package_identification:_identify(src/jax_control) by extension 'python_setup_py'
[0.173s] Level 1:colcon.colcon_core.package_identification:_identify(src/jax_control/jax_control) by extensions ['ignore', 'ignore_ament_install']
[0.173s] Level 1:colcon.colcon_core.package_identification:_identify(src/jax_control/jax_control) by extension 'ignore'
[0.173s] Level 1:colcon.colcon_core.package_identification:_identify(src/jax_control/jax_control) by extension 'ignore_ament_install'
[0.173s] Level 1:colcon.colcon_core.package_identification:_identify(src/jax_control/jax_control) by extensions ['colcon_pkg']
[0.173s] Level 1:colcon.colcon_core.package_identification:_identify(src/jax_control/jax_control) by extension 'colcon_pkg'
[0.173s] Level 1:colcon.colcon_core.package_identification:_identify(src/jax_control/jax_control) by extensions ['colcon_meta']
[0.173s] Level 1:colcon.colcon_core.package_identification:_identify(src/jax_control/jax_control) by extension 'colcon_meta'
[0.173s] Level 1:colcon.colcon_core.package_identification:_identify(src/jax_control/jax_control) by extensions ['ros']
[0.173s] Level 1:colcon.colcon_core.package_identification:_identify(src/jax_control/jax_control) by extension 'ros'
[0.173s] Level 1:colcon.colcon_core.package_identification:_identify(src/jax_control/jax_control) by extensions ['cmake', 'python']
[0.173s] Level 1:colcon.colcon_core.package_identification:_identify(src/jax_control/jax_control) by extension 'cmake'
[0.173s] Level 1:colcon.colcon_core.package_identification:_identify(src/jax_control/jax_control) by extension 'python'
[0.173s] Level 1:colcon.colcon_core.package_identification:_identify(src/jax_control/jax_control) by extensions ['python_setup_py']
[0.173s] Level 1:colcon.colcon_core.package_identification:_identify(src/jax_control/jax_control) by extension 'python_setup_py'
[0.173s] Level 1:colcon.colcon_core.package_identification:_identify(src/jax_control/jax_control/msg) by extensions ['ignore', 'ignore_ament_install']
[0.173s] Level 1:colcon.colcon_core.package_identification:_identify(src/jax_control/jax_control/msg) by extension 'ignore'
[0.173s] Level 1:colcon.colcon_core.package_identification:_identify(src/jax_control/jax_control/msg) by extension 'ignore_ament_install'
[0.173s] Level 1:colcon.colcon_core.package_identification:_identify(src/jax_control/jax_control/msg) by extensions ['colcon_pkg']
[0.173s] Level 1:colcon.colcon_core.package_identification:_identify(src/jax_control/jax_control/msg) by extension 'colcon_pkg'
[0.173s] Level 1:colcon.colcon_core.package_identification:_identify(src/jax_control/jax_control/msg) by extensions ['colcon_meta']
[0.173s] Level 1:colcon.colcon_core.package_identification:_identify(src/jax_control/jax_control/msg) by extension 'colcon_meta'
[0.173s] Level 1:colcon.colcon_core.package_identification:_identify(src/jax_control/jax_control/msg) by extensions ['ros']
[0.173s] Level 1:colcon.colcon_core.package_identification:_identify(src/jax_control/jax_control/msg) by extension 'ros'
[0.173s] Level 1:colcon.colcon_core.package_identification:_identify(src/jax_control/jax_control/msg) by extensions ['cmake', 'python']
[0.173s] Level 1:colcon.colcon_core.package_identification:_identify(src/jax_control/jax_control/msg) by extension 'cmake'
[0.173s] Level 1:colcon.colcon_core.package_identification:_identify(src/jax_control/jax_control/msg) by extension 'python'
[0.173s] Level 1:colcon.colcon_core.package_identification:_identify(src/jax_control/jax_control/msg) by extensions ['python_setup_py']
[0.173s] Level 1:colcon.colcon_core.package_identification:_identify(src/jax_control/jax_control/msg) by extension 'python_setup_py'
[0.174s] Level 1:colcon.colcon_core.package_identification:_identify(src/jax_control/resource) by extensions ['ignore', 'ignore_ament_install']
[0.174s] Level 1:colcon.colcon_core.package_identification:_identify(src/jax_control/resource) by extension 'ignore'
[0.174s] Level 1:colcon.colcon_core.package_identification:_identify(src/jax_control/resource) by extension 'ignore_ament_install'
[0.174s] Level 1:colcon.colcon_core.package_identification:_identify(src/jax_control/resource) by extensions ['colcon_pkg']
[0.174s] Level 1:colcon.colcon_core.package_identification:_identify(src/jax_control/resource) by extension 'colcon_pkg'
[0.174s] Level 1:colcon.colcon_core.package_identification:_identify(src/jax_control/resource) by extensions ['colcon_meta']
[0.174s] Level 1:colcon.colcon_core.package_identification:_identify(src/jax_control/resource) by extension 'colcon_meta'
[0.174s] Level 1:colcon.colcon_core.package_identification:_identify(src/jax_control/resource) by extensions ['ros']
[0.174s] Level 1:colcon.colcon_core.package_identification:_identify(src/jax_control/resource) by extension 'ros'
[0.174s] Level 1:colcon.colcon_core.package_identification:_identify(src/jax_control/resource) by extensions ['cmake', 'python']
[0.174s] Level 1:colcon.colcon_core.package_identification:_identify(src/jax_control/resource) by extension 'cmake'
[0.174s] Level 1:colcon.colcon_core.package_identification:_identify(src/jax_control/resource) by extension 'python'
[0.174s] Level 1:colcon.colcon_core.package_identification:_identify(src/jax_control/resource) by extensions ['python_setup_py']
[0.174s] Level 1:colcon.colcon_core.package_identification:_identify(src/jax_control/resource) by extension 'python_setup_py'
[0.174s] Level 1:colcon.colcon_core.package_identification:_identify(src/jax_control/test) by extensions ['ignore', 'ignore_ament_install']
[0.174s] Level 1:colcon.colcon_core.package_identification:_identify(src/jax_control/test) by extension 'ignore'
[0.174s] Level 1:colcon.colcon_core.package_identification:_identify(src/jax_control/test) by extension 'ignore_ament_install'
[0.174s] Level 1:colcon.colcon_core.package_identification:_identify(src/jax_control/test) by extensions ['colcon_pkg']
[0.174s] Level 1:colcon.colcon_core.package_identification:_identify(src/jax_control/test) by extension 'colcon_pkg'
[0.174s] Level 1:colcon.colcon_core.package_identification:_identify(src/jax_control/test) by extensions ['colcon_meta']
[0.174s] Level 1:colcon.colcon_core.package_identification:_identify(src/jax_control/test) by extension 'colcon_meta'
[0.174s] Level 1:colcon.colcon_core.package_identification:_identify(src/jax_control/test) by extensions ['ros']
[0.174s] Level 1:colcon.colcon_core.package_identification:_identify(src/jax_control/test) by extension 'ros'
[0.174s] Level 1:colcon.colcon_core.package_identification:_identify(src/jax_control/test) by extensions ['cmake', 'python']
[0.174s] Level 1:colcon.colcon_core.package_identification:_identify(src/jax_control/test) by extension 'cmake'
[0.174s] Level 1:colcon.colcon_core.package_identification:_identify(src/jax_control/test) by extension 'python'
[0.174s] Level 1:colcon.colcon_core.package_identification:_identify(src/jax_control/test) by extensions ['python_setup_py']
[0.174s] Level 1:colcon.colcon_core.package_identification:_identify(src/jax_control/test) by extension 'python_setup_py'
[0.174s] Level 1:colcon.colcon_core.package_identification:_identify(src/jax_controller) by extensions ['ignore', 'ignore_ament_install']
[0.174s] Level 1:colcon.colcon_core.package_identification:_identify(src/jax_controller) by extension 'ignore'
[0.174s] Level 1:colcon.colcon_core.package_identification:_identify(src/jax_controller) by extension 'ignore_ament_install'
[0.174s] Level 1:colcon.colcon_core.package_identification:_identify(src/jax_controller) by extensions ['colcon_pkg']
[0.174s] Level 1:colcon.colcon_core.package_identification:_identify(src/jax_controller) by extension 'colcon_pkg'
[0.174s] Level 1:colcon.colcon_core.package_identification:_identify(src/jax_controller) by extensions ['colcon_meta']
[0.174s] Level 1:colcon.colcon_core.package_identification:_identify(src/jax_controller) by extension 'colcon_meta'
[0.174s] Level 1:colcon.colcon_core.package_identification:_identify(src/jax_controller) by extensions ['ros']
[0.175s] Level 1:colcon.colcon_core.package_identification:_identify(src/jax_controller) by extension 'ros'
[0.175s] DEBUG:colcon.colcon_core.package_identification:Package 'src/jax_controller' with type 'ros.ament_python' and name 'jax_controller'
[0.175s] Level 1:colcon.colcon_core.package_identification:_identify(src/jax_description) by extensions ['ignore', 'ignore_ament_install']
[0.175s] Level 1:colcon.colcon_core.package_identification:_identify(src/jax_description) by extension 'ignore'
[0.175s] Level 1:colcon.colcon_core.package_identification:_identify(src/jax_description) by extension 'ignore_ament_install'
[0.175s] Level 1:colcon.colcon_core.package_identification:_identify(src/jax_description) by extensions ['colcon_pkg']
[0.175s] Level 1:colcon.colcon_core.package_identification:_identify(src/jax_description) by extension 'colcon_pkg'
[0.175s] Level 1:colcon.colcon_core.package_identification:_identify(src/jax_description) by extensions ['colcon_meta']
[0.175s] Level 1:colcon.colcon_core.package_identification:_identify(src/jax_description) by extension 'colcon_meta'
[0.175s] Level 1:colcon.colcon_core.package_identification:_identify(src/jax_description) by extensions ['ros']
[0.175s] Level 1:colcon.colcon_core.package_identification:_identify(src/jax_description) by extension 'ros'
[0.176s] DEBUG:colcon.colcon_core.package_identification:Package 'src/jax_description' with type 'ros.ament_cmake' and name 'jax_description'
[0.176s] Level 1:colcon.colcon_core.package_identification:_identify(src/jax_hardware_peripherals) by extensions ['ignore', 'ignore_ament_install']
[0.176s] Level 1:colcon.colcon_core.package_identification:_identify(src/jax_hardware_peripherals) by extension 'ignore'
[0.176s] Level 1:colcon.colcon_core.package_identification:_identify(src/jax_hardware_peripherals) by extension 'ignore_ament_install'
[0.176s] Level 1:colcon.colcon_core.package_identification:_identify(src/jax_hardware_peripherals) by extensions ['colcon_pkg']
[0.176s] Level 1:colcon.colcon_core.package_identification:_identify(src/jax_hardware_peripherals) by extension 'colcon_pkg'
[0.176s] Level 1:colcon.colcon_core.package_identification:_identify(src/jax_hardware_peripherals) by extensions ['colcon_meta']
[0.176s] Level 1:colcon.colcon_core.package_identification:_identify(src/jax_hardware_peripherals) by extension 'colcon_meta'
[0.176s] Level 1:colcon.colcon_core.package_identification:_identify(src/jax_hardware_peripherals) by extensions ['ros']
[0.176s] Level 1:colcon.colcon_core.package_identification:_identify(src/jax_hardware_peripherals) by extension 'ros'
[0.176s] DEBUG:colcon.colcon_core.package_identification:Package 'src/jax_hardware_peripherals' with type 'ros.ament_python' and name 'jax_hardware_peripherals'
[0.176s] Level 1:colcon.colcon_core.package_discovery:discover_packages(recursive) using defaults
[0.176s] Level 1:colcon.colcon_core.package_discovery:discover_packages(ignore) discover
[0.176s] Level 1:colcon.colcon_core.package_discovery:discover_packages(ignore) using defaults
[0.176s] Level 1:colcon.colcon_core.package_discovery:discover_packages(path) discover
[0.176s] Level 1:colcon.colcon_core.package_discovery:discover_packages(path) using defaults
[0.192s] Level 1:colcon.colcon_core.package_discovery:discover_packages(prefix_path) check parameters
[0.192s] Level 1:colcon.colcon_core.package_discovery:discover_packages(prefix_path) discover
[0.193s] DEBUG:colcon.colcon_installed_package_information.package_discovery:Found 378 installed packages in /opt/ros/humble
[0.194s] Level 1:colcon.colcon_core.package_discovery:discover_packages(prefix_path) using defaults
[0.217s] Level 5:colcon.colcon_core.verb:set package 'jax_bringup' build argument 'cmake_args' from command line to 'None'
[0.217s] Level 5:colcon.colcon_core.verb:set package 'jax_bringup' build argument 'cmake_target' from command line to 'None'
[0.217s] Level 5:colcon.colcon_core.verb:set package 'jax_bringup' build argument 'cmake_target_skip_unavailable' from command line to 'False'
[0.217s] Level 5:colcon.colcon_core.verb:set package 'jax_bringup' build argument 'cmake_clean_cache' from command line to 'False'
[0.217s] Level 5:colcon.colcon_core.verb:set package 'jax_bringup' build argument 'cmake_clean_first' from command line to 'False'
[0.217s] Level 5:colcon.colcon_core.verb:set package 'jax_bringup' build argument 'cmake_force_configure' from command line to 'False'
[0.217s] Level 5:colcon.colcon_core.verb:set package 'jax_bringup' build argument 'ament_cmake_args' from command line to 'None'
[0.217s] Level 5:colcon.colcon_core.verb:set package 'jax_bringup' build argument 'catkin_cmake_args' from command line to 'None'
[0.218s] Level 5:colcon.colcon_core.verb:set package 'jax_bringup' build argument 'catkin_skip_building_tests' from command line to 'False'
[0.218s] DEBUG:colcon.colcon_core.verb:Building package 'jax_bringup' with the following arguments: {'ament_cmake_args': None, 'build_base': '/home/tdp378/jax_ws/build/jax_bringup', 'catkin_cmake_args': None, 'catkin_skip_building_tests': False, 'cmake_args': None, 'cmake_clean_cache': False, 'cmake_clean_first': False, 'cmake_force_configure': False, 'cmake_target': None, 'cmake_target_skip_unavailable': False, 'install_base': '/home/tdp378/jax_ws/install/jax_bringup', 'merge_install': False, 'path': '/home/tdp378/jax_ws/src/jax_bringup', 'symlink_install': False, 'test_result_base': None}
[0.218s] Level 5:colcon.colcon_core.verb:set package 'jax_controller' build argument 'cmake_args' from command line to 'None'
[0.218s] Level 5:colcon.colcon_core.verb:set package 'jax_controller' build argument 'cmake_target' from command line to 'None'
[0.218s] Level 5:colcon.colcon_core.verb:set package 'jax_controller' build argument 'cmake_target_skip_unavailable' from command line to 'False'
[0.218s] Level 5:colcon.colcon_core.verb:set package 'jax_controller' build argument 'cmake_clean_cache' from command line to 'False'
[0.218s] Level 5:colcon.colcon_core.verb:set package 'jax_controller' build argument 'cmake_clean_first' from command line to 'False'
[0.218s] Level 5:colcon.colcon_core.verb:set package 'jax_controller' build argument 'cmake_force_configure' from command line to 'False'
[0.218s] Level 5:colcon.colcon_core.verb:set package 'jax_controller' build argument 'ament_cmake_args' from command line to 'None'
[0.218s] Level 5:colcon.colcon_core.verb:set package 'jax_controller' build argument 'catkin_cmake_args' from command line to 'None'
[0.218s] Level 5:colcon.colcon_core.verb:set package 'jax_controller' build argument 'catkin_skip_building_tests' from command line to 'False'
[0.218s] DEBUG:colcon.colcon_core.verb:Building package 'jax_controller' with the following arguments: {'ament_cmake_args': None, 'build_base': '/home/tdp378/jax_ws/build/jax_controller', 'catkin_cmake_args': None, 'catkin_skip_building_tests': False, 'cmake_args': None, 'cmake_clean_cache': False, 'cmake_clean_first': False, 'cmake_force_configure': False, 'cmake_target': None, 'cmake_target_skip_unavailable': False, 'install_base': '/home/tdp378/jax_ws/install/jax_controller', 'merge_install': False, 'path': '/home/tdp378/jax_ws/src/jax_controller', 'symlink_install': False, 'test_result_base': None}
[0.218s] Level 5:colcon.colcon_core.verb:set package 'jax_description' build argument 'cmake_args' from command line to 'None'
[0.218s] Level 5:colcon.colcon_core.verb:set package 'jax_description' build argument 'cmake_target' from command line to 'None'
[0.218s] Level 5:colcon.colcon_core.verb:set package 'jax_description' build argument 'cmake_target_skip_unavailable' from command line to 'False'
[0.218s] Level 5:colcon.colcon_core.verb:set package 'jax_description' build argument 'cmake_clean_cache' from command line to 'False'
[0.218s] Level 5:colcon.colcon_core.verb:set package 'jax_description' build argument 'cmake_clean_first' from command line to 'False'
[0.218s] Level 5:colcon.colcon_core.verb:set package 'jax_description' build argument 'cmake_force_configure' from command line to 'False'
[0.218s] Level 5:colcon.colcon_core.verb:set package 'jax_description' build argument 'ament_cmake_args' from command line to 'None'
[0.218s] Level 5:colcon.colcon_core.verb:set package 'jax_description' build argument 'catkin_cmake_args' from command line to 'None'
[0.218s] Level 5:colcon.colcon_core.verb:set package 'jax_description' build argument 'catkin_skip_building_tests' from command line to 'False'
[0.218s] DEBUG:colcon.colcon_core.verb:Building package 'jax_description' with the following arguments: {'ament_cmake_args': None, 'build_base': '/home/tdp378/jax_ws/build/jax_description', 'catkin_cmake_args': None, 'catkin_skip_building_tests': False, 'cmake_args': None, 'cmake_clean_cache': False, 'cmake_clean_first': False, 'cmake_force_configure': False, 'cmake_target': None, 'cmake_target_skip_unavailable': False, 'install_base': '/home/tdp378/jax_ws/install/jax_description', 'merge_install': False, 'path': '/home/tdp378/jax_ws/src/jax_description', 'symlink_install': False, 'test_result_base': None}
[0.218s] Level 5:colcon.colcon_core.verb:set package 'jax_hardware_peripherals' build argument 'cmake_args' from command line to 'None'
[0.218s] Level 5:colcon.colcon_core.verb:set package 'jax_hardware_peripherals' build argument 'cmake_target' from command line to 'None'
[0.218s] Level 5:colcon.colcon_core.verb:set package 'jax_hardware_peripherals' build argument 'cmake_target_skip_unavailable' from command line to 'False'
[0.218s] Level 5:colcon.colcon_core.verb:set package 'jax_hardware_peripherals' build argument 'cmake_clean_cache' from command line to 'False'
[0.218s] Level 5:colcon.colcon_core.verb:set package 'jax_hardware_peripherals' build argument 'cmake_clean_first' from command line to 'False'
[0.218s] Level 5:colcon.colcon_core.verb:set package 'jax_hardware_peripherals' build argument 'cmake_force_configure' from command line to 'False'
[0.218s] Level 5:colcon.colcon_core.verb:set package 'jax_hardware_peripherals' build argument 'ament_cmake_args' from command line to 'None'
[0.218s] Level 5:colcon.colcon_core.verb:set package 'jax_hardware_peripherals' build argument 'catkin_cmake_args' from command line to 'None'
[0.219s] Level 5:colcon.colcon_core.verb:set package 'jax_hardware_peripherals' build argument 'catkin_skip_building_tests' from command line to 'False'
[0.219s] DEBUG:colcon.colcon_core.verb:Building package 'jax_hardware_peripherals' with the following arguments: {'ament_cmake_args': None, 'build_base': '/home/tdp378/jax_ws/build/jax_hardware_peripherals', 'catkin_cmake_args': None, 'catkin_skip_building_tests': False, 'cmake_args': None, 'cmake_clean_cache': False, 'cmake_clean_first': False, 'cmake_force_configure': False, 'cmake_target': None, 'cmake_target_skip_unavailable': False, 'install_base': '/home/tdp378/jax_ws/install/jax_hardware_peripherals', 'merge_install': False, 'path': '/home/tdp378/jax_ws/src/jax_hardware_peripherals', 'symlink_install': False, 'test_result_base': None}
[0.219s] INFO:colcon.colcon_core.executor:Executing jobs using 'parallel' executor
[0.219s] DEBUG:colcon.colcon_parallel_executor.executor.parallel:run_until_complete
[0.219s] INFO:colcon.colcon_ros.task.ament_python.build:Building ROS package in '/home/tdp378/jax_ws/src/jax_bringup' with build type 'ament_python'
[0.220s] Level 1:colcon.colcon_core.shell:create_environment_hook('jax_bringup', 'ament_prefix_path')
[0.220s] INFO:colcon.colcon_core.plugin_system:Skipping extension 'colcon_core.shell.bat': Not used on non-Windows systems
[0.221s] INFO:colcon.colcon_core.shell:Creating environment hook '/home/tdp378/jax_ws/install/jax_bringup/share/jax_bringup/hook/ament_prefix_path.ps1'
[0.221s] INFO:colcon.colcon_core.shell:Creating environment descriptor '/home/tdp378/jax_ws/install/jax_bringup/share/jax_bringup/hook/ament_prefix_path.dsv'
[0.221s] INFO:colcon.colcon_core.shell:Creating environment hook '/home/tdp378/jax_ws/install/jax_bringup/share/jax_bringup/hook/ament_prefix_path.sh'
[0.222s] INFO:colcon.colcon_core.shell:Skip shell extension 'powershell' for command environment: Not usable outside of PowerShell
[0.222s] DEBUG:colcon.colcon_core.shell:Skip shell extension 'dsv' for command environment
[0.223s] INFO:colcon.colcon_ros.task.ament_python.build:Building ROS package in '/home/tdp378/jax_ws/src/jax_controller' with build type 'ament_python'
[0.223s] Level 1:colcon.colcon_core.shell:create_environment_hook('jax_controller', 'ament_prefix_path')
[0.224s] INFO:colcon.colcon_core.shell:Creating environment hook '/home/tdp378/jax_ws/install/jax_controller/share/jax_controller/hook/ament_prefix_path.ps1'
[0.224s] INFO:colcon.colcon_core.shell:Creating environment descriptor '/home/tdp378/jax_ws/install/jax_controller/share/jax_controller/hook/ament_prefix_path.dsv'
[0.224s] INFO:colcon.colcon_core.shell:Creating environment hook '/home/tdp378/jax_ws/install/jax_controller/share/jax_controller/hook/ament_prefix_path.sh'
[0.224s] INFO:colcon.colcon_core.shell:Skip shell extension 'powershell' for command environment: Not usable outside of PowerShell
[0.224s] DEBUG:colcon.colcon_core.shell:Skip shell extension 'dsv' for command environment
[0.226s] INFO:colcon.colcon_ros.task.ament_cmake.build:Building ROS package in '/home/tdp378/jax_ws/src/jax_description' with build type 'ament_cmake'
[0.226s] INFO:colcon.colcon_cmake.task.cmake.build:Building CMake package in '/home/tdp378/jax_ws/src/jax_description'
[0.226s] INFO:colcon.colcon_core.shell:Skip shell extension 'powershell' for command environment: Not usable outside of PowerShell
[0.226s] DEBUG:colcon.colcon_core.shell:Skip shell extension 'dsv' for command environment
[0.227s] INFO:colcon.colcon_ros.task.ament_python.build:Building ROS package in '/home/tdp378/jax_ws/src/jax_hardware_peripherals' with build type 'ament_python'
[0.228s] Level 1:colcon.colcon_core.shell:create_environment_hook('jax_hardware_peripherals', 'ament_prefix_path')
[0.228s] INFO:colcon.colcon_core.shell:Creating environment hook '/home/tdp378/jax_ws/install/jax_hardware_peripherals/share/jax_hardware_peripherals/hook/ament_prefix_path.ps1'
[0.228s] INFO:colcon.colcon_core.shell:Creating environment descriptor '/home/tdp378/jax_ws/install/jax_hardware_peripherals/share/jax_hardware_peripherals/hook/ament_prefix_path.dsv'
[0.228s] INFO:colcon.colcon_core.shell:Creating environment hook '/home/tdp378/jax_ws/install/jax_hardware_peripherals/share/jax_hardware_peripherals/hook/ament_prefix_path.sh'
[0.228s] INFO:colcon.colcon_core.shell:Skip shell extension 'powershell' for command environment: Not usable outside of PowerShell
[0.229s] DEBUG:colcon.colcon_core.shell:Skip shell extension 'dsv' for command environment
[0.386s] INFO:colcon.colcon_core.task.python.build:Building Python package in '/home/tdp378/jax_ws/src/jax_bringup'
[0.386s] INFO:colcon.colcon_core.shell:Skip shell extension 'powershell' for command environment: Not usable outside of PowerShell
[0.386s] DEBUG:colcon.colcon_core.shell:Skip shell extension 'dsv' for command environment
[0.540s] INFO:colcon.colcon_core.task.python.build:Building Python package in '/home/tdp378/jax_ws/src/jax_controller'
[0.540s] INFO:colcon.colcon_core.shell:Skip shell extension 'powershell' for command environment: Not usable outside of PowerShell
[0.540s] DEBUG:colcon.colcon_core.shell:Skip shell extension 'dsv' for command environment
[0.544s] DEBUG:colcon.colcon_core.event_handler.log_command:Invoking command in '/home/tdp378/jax_ws/build/jax_description': CMAKE_PREFIX_PATH=/opt/ros/humble /usr/bin/cmake /home/tdp378/jax_ws/src/jax_description -DCMAKE_INSTALL_PREFIX=/home/tdp378/jax_ws/install/jax_description
[0.711s] INFO:colcon.colcon_core.task.python.build:Building Python package in '/home/tdp378/jax_ws/src/jax_hardware_peripherals'
[0.711s] INFO:colcon.colcon_core.shell:Skip shell extension 'powershell' for command environment: Not usable outside of PowerShell
[0.711s] DEBUG:colcon.colcon_core.shell:Skip shell extension 'dsv' for command environment
[0.902s] DEBUG:colcon.colcon_core.event_handler.log_command:Invoked command in '/home/tdp378/jax_ws/build/jax_description' returned '0': CMAKE_PREFIX_PATH=/opt/ros/humble /usr/bin/cmake /home/tdp378/jax_ws/src/jax_description -DCMAKE_INSTALL_PREFIX=/home/tdp378/jax_ws/install/jax_description
[0.903s] DEBUG:colcon.colcon_core.event_handler.log_command:Invoking command in '/home/tdp378/jax_ws/build/jax_description': CMAKE_PREFIX_PATH=/opt/ros/humble /usr/bin/cmake --build /home/tdp378/jax_ws/build/jax_description -- -j16 -l16
[0.925s] DEBUG:colcon.colcon_core.event_handler.log_command:Invoked command in '/home/tdp378/jax_ws/build/jax_description' returned '0': CMAKE_PREFIX_PATH=/opt/ros/humble /usr/bin/cmake --build /home/tdp378/jax_ws/build/jax_description -- -j16 -l16
[0.932s] DEBUG:colcon.colcon_core.event_handler.log_command:Invoking command in '/home/tdp378/jax_ws/build/jax_description': CMAKE_PREFIX_PATH=/opt/ros/humble /usr/bin/cmake --install /home/tdp378/jax_ws/build/jax_description
[0.950s] Level 1:colcon.colcon_core.environment:create_environment_scripts_only(jax_description)
[0.950s] DEBUG:colcon.colcon_core.event_handler.log_command:Invoked command in '/home/tdp378/jax_ws/build/jax_description' returned '0': CMAKE_PREFIX_PATH=/opt/ros/humble /usr/bin/cmake --install /home/tdp378/jax_ws/build/jax_description
[0.952s] Level 1:colcon.colcon_core.environment:checking '/home/tdp378/jax_ws/install/jax_description' for CMake module files
[0.952s] Level 1:colcon.colcon_core.environment:checking '/home/tdp378/jax_ws/install/jax_description' for CMake config files
[0.952s] Level 1:colcon.colcon_core.shell:create_environment_hook('jax_description', 'cmake_prefix_path')
[0.952s] INFO:colcon.colcon_core.shell:Creating environment hook '/home/tdp378/jax_ws/install/jax_description/share/jax_description/hook/cmake_prefix_path.ps1'
[0.953s] INFO:colcon.colcon_core.shell:Creating environment descriptor '/home/tdp378/jax_ws/install/jax_description/share/jax_description/hook/cmake_prefix_path.dsv'
[0.953s] INFO:colcon.colcon_core.shell:Creating environment hook '/home/tdp378/jax_ws/install/jax_description/share/jax_description/hook/cmake_prefix_path.sh'
[0.953s] Level 1:colcon.colcon_core.environment:checking '/home/tdp378/jax_ws/install/jax_description/bin'
[0.953s] Level 1:colcon.colcon_core.environment:checking '/home/tdp378/jax_ws/install/jax_description/lib/pkgconfig/jax_description.pc'
[0.953s] Level 1:colcon.colcon_core.environment:checking '/home/tdp378/jax_ws/install/jax_description/lib/python3.10/site-packages'
[0.954s] Level 1:colcon.colcon_core.environment:checking '/home/tdp378/jax_ws/install/jax_description/bin'
[0.954s] INFO:colcon.colcon_core.shell:Creating package script '/home/tdp378/jax_ws/install/jax_description/share/jax_description/package.ps1'
[0.954s] INFO:colcon.colcon_core.shell:Creating package descriptor '/home/tdp378/jax_ws/install/jax_description/share/jax_description/package.dsv'
[0.955s] INFO:colcon.colcon_core.shell:Creating package script '/home/tdp378/jax_ws/install/jax_description/share/jax_description/package.sh'
[0.955s] INFO:colcon.colcon_core.shell:Creating package script '/home/tdp378/jax_ws/install/jax_description/share/jax_description/package.bash'
[0.955s] INFO:colcon.colcon_core.shell:Creating package script '/home/tdp378/jax_ws/install/jax_description/share/jax_description/package.zsh'
[0.956s] Level 1:colcon.colcon_core.environment:create_file_with_runtime_dependencies(/home/tdp378/jax_ws/install/jax_description/share/colcon-core/packages/jax_description)
[0.956s] Level 1:colcon.colcon_core.environment:create_environment_scripts_only(jax_description)
[0.956s] Level 1:colcon.colcon_core.environment:checking '/home/tdp378/jax_ws/install/jax_description' for CMake module files
[0.956s] Level 1:colcon.colcon_core.environment:checking '/home/tdp378/jax_ws/install/jax_description' for CMake config files
[0.957s] Level 1:colcon.colcon_core.shell:create_environment_hook('jax_description', 'cmake_prefix_path')
[0.957s] INFO:colcon.colcon_core.shell:Creating environment hook '/home/tdp378/jax_ws/install/jax_description/share/jax_description/hook/cmake_prefix_path.ps1'
[0.957s] INFO:colcon.colcon_core.shell:Creating environment descriptor '/home/tdp378/jax_ws/install/jax_description/share/jax_description/hook/cmake_prefix_path.dsv'
[0.957s] INFO:colcon.colcon_core.shell:Creating environment hook '/home/tdp378/jax_ws/install/jax_description/share/jax_description/hook/cmake_prefix_path.sh'
[0.957s] Level 1:colcon.colcon_core.environment:checking '/home/tdp378/jax_ws/install/jax_description/bin'
[0.957s] Level 1:colcon.colcon_core.environment:checking '/home/tdp378/jax_ws/install/jax_description/lib/pkgconfig/jax_description.pc'
[0.958s] Level 1:colcon.colcon_core.environment:checking '/home/tdp378/jax_ws/install/jax_description/lib/python3.10/site-packages'
[0.958s] Level 1:colcon.colcon_core.environment:checking '/home/tdp378/jax_ws/install/jax_description/bin'
[0.958s] INFO:colcon.colcon_core.shell:Creating package script '/home/tdp378/jax_ws/install/jax_description/share/jax_description/package.ps1'
[0.958s] INFO:colcon.colcon_core.shell:Creating package descriptor '/home/tdp378/jax_ws/install/jax_description/share/jax_description/package.dsv'
[0.958s] INFO:colcon.colcon_core.shell:Creating package script '/home/tdp378/jax_ws/install/jax_description/share/jax_description/package.sh'
[0.959s] INFO:colcon.colcon_core.shell:Creating package script '/home/tdp378/jax_ws/install/jax_description/share/jax_description/package.bash'
[0.959s] INFO:colcon.colcon_core.shell:Creating package script '/home/tdp378/jax_ws/install/jax_description/share/jax_description/package.zsh'
[0.959s] Level 1:colcon.colcon_core.environment:create_file_with_runtime_dependencies(/home/tdp378/jax_ws/install/jax_description/share/colcon-core/packages/jax_description)
[0.962s] DEBUG:colcon.colcon_core.event_handler.log_command:Invoking command in '/home/tdp378/jax_ws/src/jax_bringup': PYTHONPATH=/home/tdp378/jax_ws/build/jax_bringup/prefix_override:/usr/lib/python3/dist-packages/colcon_core/task/python/colcon_distutils_commands:/home/tdp378/jax_ws/install/jax_bringup/lib/python3.10/site-packages:${PYTHONPATH} /usr/bin/python3 -W ignore:setup.py install is deprecated -W ignore:easy_install command is deprecated setup.py egg_info --egg-base ../../build/jax_bringup build --build-base /home/tdp378/jax_ws/build/jax_bringup/build install --record /home/tdp378/jax_ws/build/jax_bringup/install.log --single-version-externally-managed install_data
[0.963s] DEBUG:colcon.colcon_core.event_handler.log_command:Invoking command in '/home/tdp378/jax_ws/src/jax_hardware_peripherals': PYTHONPATH=/home/tdp378/jax_ws/build/jax_hardware_peripherals/prefix_override:/usr/lib/python3/dist-packages/colcon_core/task/python/colcon_distutils_commands:/home/tdp378/jax_ws/install/jax_hardware_peripherals/lib/python3.10/site-packages:${PYTHONPATH} /usr/bin/python3 -W ignore:setup.py install is deprecated -W ignore:easy_install command is deprecated setup.py egg_info --egg-base ../../build/jax_hardware_peripherals build --build-base /home/tdp378/jax_ws/build/jax_hardware_peripherals/build install --record /home/tdp378/jax_ws/build/jax_hardware_peripherals/install.log --single-version-externally-managed install_data
[0.963s] DEBUG:colcon.colcon_core.event_handler.log_command:Invoking command in '/home/tdp378/jax_ws/build/jax_controller': PYTHONPATH=/home/tdp378/jax_ws/build/jax_controller/prefix_override:/usr/lib/python3/dist-packages/colcon_core/task/python/colcon_distutils_commands:/home/tdp378/jax_ws/install/jax_controller/lib/python3.10/site-packages:${PYTHONPATH} /usr/bin/python3 -W ignore:setup.py install is deprecated -W ignore:easy_install command is deprecated setup.py develop --uninstall --editable --build-directory /home/tdp378/jax_ws/build/jax_controller/build
[1.143s] Level 1:colcon.colcon_core.environment:checking '/home/tdp378/jax_ws/install/jax_bringup' for CMake module files
[1.143s] DEBUG:colcon.colcon_core.event_handler.log_command:Invoked command in '/home/tdp378/jax_ws/src/jax_bringup' returned '0': PYTHONPATH=/home/tdp378/jax_ws/build/jax_bringup/prefix_override:/usr/lib/python3/dist-packages/colcon_core/task/python/colcon_distutils_commands:/home/tdp378/jax_ws/install/jax_bringup/lib/python3.10/site-packages:${PYTHONPATH} /usr/bin/python3 -W ignore:setup.py install is deprecated -W ignore:easy_install command is deprecated setup.py egg_info --egg-base ../../build/jax_bringup build --build-base /home/tdp378/jax_ws/build/jax_bringup/build install --record /home/tdp378/jax_ws/build/jax_bringup/install.log --single-version-externally-managed install_data
[1.143s] Level 1:colcon.colcon_core.environment:checking '/home/tdp378/jax_ws/install/jax_bringup' for CMake config files
[1.144s] Level 1:colcon.colcon_core.environment:checking '/home/tdp378/jax_ws/install/jax_bringup/lib'
[1.144s] Level 1:colcon.colcon_core.environment:checking '/home/tdp378/jax_ws/install/jax_bringup/bin'
[1.144s] Level 1:colcon.colcon_core.environment:checking '/home/tdp378/jax_ws/install/jax_bringup/lib/pkgconfig/jax_bringup.pc'
[1.144s] Level 1:colcon.colcon_core.environment:checking '/home/tdp378/jax_ws/install/jax_bringup/lib/python3.10/site-packages'
[1.144s] Level 1:colcon.colcon_core.shell:create_environment_hook('jax_bringup', 'pythonpath')
[1.144s] INFO:colcon.colcon_core.shell:Creating environment hook '/home/tdp378/jax_ws/install/jax_bringup/share/jax_bringup/hook/pythonpath.ps1'
[1.144s] INFO:colcon.colcon_core.shell:Creating environment descriptor '/home/tdp378/jax_ws/install/jax_bringup/share/jax_bringup/hook/pythonpath.dsv'
[1.145s] INFO:colcon.colcon_core.shell:Creating environment hook '/home/tdp378/jax_ws/install/jax_bringup/share/jax_bringup/hook/pythonpath.sh'
[1.145s] Level 1:colcon.colcon_core.environment:checking '/home/tdp378/jax_ws/install/jax_bringup/bin'
[1.145s] Level 1:colcon.colcon_core.environment:create_environment_scripts_only(jax_bringup)
[1.145s] INFO:colcon.colcon_core.shell:Creating package script '/home/tdp378/jax_ws/install/jax_bringup/share/jax_bringup/package.ps1'
[1.145s] INFO:colcon.colcon_core.shell:Creating package descriptor '/home/tdp378/jax_ws/install/jax_bringup/share/jax_bringup/package.dsv'
[1.146s] INFO:colcon.colcon_core.shell:Creating package script '/home/tdp378/jax_ws/install/jax_bringup/share/jax_bringup/package.sh'
[1.146s] INFO:colcon.colcon_core.shell:Creating package script '/home/tdp378/jax_ws/install/jax_bringup/share/jax_bringup/package.bash'
[1.146s] INFO:colcon.colcon_core.shell:Creating package script '/home/tdp378/jax_ws/install/jax_bringup/share/jax_bringup/package.zsh'
[1.146s] Level 1:colcon.colcon_core.environment:create_file_with_runtime_dependencies(/home/tdp378/jax_ws/install/jax_bringup/share/colcon-core/packages/jax_bringup)
[1.149s] Level 1:colcon.colcon_core.environment:checking '/home/tdp378/jax_ws/install/jax_hardware_peripherals' for CMake module files
[1.149s] DEBUG:colcon.colcon_core.event_handler.log_command:Invoked command in '/home/tdp378/jax_ws/src/jax_hardware_peripherals' returned '0': PYTHONPATH=/home/tdp378/jax_ws/build/jax_hardware_peripherals/prefix_override:/usr/lib/python3/dist-packages/colcon_core/task/python/colcon_distutils_commands:/home/tdp378/jax_ws/install/jax_hardware_peripherals/lib/python3.10/site-packages:${PYTHONPATH} /usr/bin/python3 -W ignore:setup.py install is deprecated -W ignore:easy_install command is deprecated setup.py egg_info --egg-base ../../build/jax_hardware_peripherals build --build-base /home/tdp378/jax_ws/build/jax_hardware_peripherals/build install --record /home/tdp378/jax_ws/build/jax_hardware_peripherals/install.log --single-version-externally-managed install_data
[1.150s] Level 1:colcon.colcon_core.environment:checking '/home/tdp378/jax_ws/install/jax_hardware_peripherals' for CMake config files
[1.150s] Level 1:colcon.colcon_core.environment:checking '/home/tdp378/jax_ws/install/jax_hardware_peripherals/lib'
[1.150s] Level 1:colcon.colcon_core.environment:checking '/home/tdp378/jax_ws/install/jax_hardware_peripherals/bin'
[1.150s] Level 1:colcon.colcon_core.environment:checking '/home/tdp378/jax_ws/install/jax_hardware_peripherals/lib/pkgconfig/jax_hardware_peripherals.pc'
[1.150s] Level 1:colcon.colcon_core.environment:checking '/home/tdp378/jax_ws/install/jax_hardware_peripherals/lib/python3.10/site-packages'
[1.150s] Level 1:colcon.colcon_core.shell:create_environment_hook('jax_hardware_peripherals', 'pythonpath')
[1.150s] INFO:colcon.colcon_core.shell:Creating environment hook '/home/tdp378/jax_ws/install/jax_hardware_peripherals/share/jax_hardware_peripherals/hook/pythonpath.ps1'
[1.151s] INFO:colcon.colcon_core.shell:Creating environment descriptor '/home/tdp378/jax_ws/install/jax_hardware_peripherals/share/jax_hardware_peripherals/hook/pythonpath.dsv'
[1.151s] INFO:colcon.colcon_core.shell:Creating environment hook '/home/tdp378/jax_ws/install/jax_hardware_peripherals/share/jax_hardware_peripherals/hook/pythonpath.sh'
[1.151s] Level 1:colcon.colcon_core.environment:checking '/home/tdp378/jax_ws/install/jax_hardware_peripherals/bin'
[1.151s] Level 1:colcon.colcon_core.environment:create_environment_scripts_only(jax_hardware_peripherals)
[1.151s] INFO:colcon.colcon_core.shell:Creating package script '/home/tdp378/jax_ws/install/jax_hardware_peripherals/share/jax_hardware_peripherals/package.ps1'
[1.152s] INFO:colcon.colcon_core.shell:Creating package descriptor '/home/tdp378/jax_ws/install/jax_hardware_peripherals/share/jax_hardware_peripherals/package.dsv'
[1.152s] INFO:colcon.colcon_core.shell:Creating package script '/home/tdp378/jax_ws/install/jax_hardware_peripherals/share/jax_hardware_peripherals/package.sh'
[1.152s] INFO:colcon.colcon_core.shell:Creating package script '/home/tdp378/jax_ws/install/jax_hardware_peripherals/share/jax_hardware_peripherals/package.bash'
[1.152s] INFO:colcon.colcon_core.shell:Creating package script '/home/tdp378/jax_ws/install/jax_hardware_peripherals/share/jax_hardware_peripherals/package.zsh'
[1.153s] Level 1:colcon.colcon_core.environment:create_file_with_runtime_dependencies(/home/tdp378/jax_ws/install/jax_hardware_peripherals/share/colcon-core/packages/jax_hardware_peripherals)
[1.236s] DEBUG:colcon.colcon_core.event_handler.log_command:Invoked command in '/home/tdp378/jax_ws/build/jax_controller' returned '0': PYTHONPATH=/home/tdp378/jax_ws/build/jax_controller/prefix_override:/usr/lib/python3/dist-packages/colcon_core/task/python/colcon_distutils_commands:/home/tdp378/jax_ws/install/jax_controller/lib/python3.10/site-packages:${PYTHONPATH} /usr/bin/python3 -W ignore:setup.py install is deprecated -W ignore:easy_install command is deprecated setup.py develop --uninstall --editable --build-directory /home/tdp378/jax_ws/build/jax_controller/build
[1.237s] DEBUG:colcon.colcon_core.event_handler.log_command:Invoking command in '/home/tdp378/jax_ws/src/jax_controller': PYTHONPATH=/home/tdp378/jax_ws/build/jax_controller/prefix_override:/usr/lib/python3/dist-packages/colcon_core/task/python/colcon_distutils_commands:/home/tdp378/jax_ws/install/jax_controller/lib/python3.10/site-packages:${PYTHONPATH} /usr/bin/python3 -W ignore:setup.py install is deprecated -W ignore:easy_install command is deprecated setup.py egg_info --egg-base ../../build/jax_controller build --build-base /home/tdp378/jax_ws/build/jax_controller/build install --record /home/tdp378/jax_ws/build/jax_controller/install.log --single-version-externally-managed install_data --force
[1.417s] Level 1:colcon.colcon_core.environment:checking '/home/tdp378/jax_ws/install/jax_controller' for CMake module files
[1.418s] DEBUG:colcon.colcon_core.event_handler.log_command:Invoked command in '/home/tdp378/jax_ws/src/jax_controller' returned '0': PYTHONPATH=/home/tdp378/jax_ws/build/jax_controller/prefix_override:/usr/lib/python3/dist-packages/colcon_core/task/python/colcon_distutils_commands:/home/tdp378/jax_ws/install/jax_controller/lib/python3.10/site-packages:${PYTHONPATH} /usr/bin/python3 -W ignore:setup.py install is deprecated -W ignore:easy_install command is deprecated setup.py egg_info --egg-base ../../build/jax_controller build --build-base /home/tdp378/jax_ws/build/jax_controller/build install --record /home/tdp378/jax_ws/build/jax_controller/install.log --single-version-externally-managed install_data --force
[1.418s] Level 1:colcon.colcon_core.environment:checking '/home/tdp378/jax_ws/install/jax_controller' for CMake config files
[1.418s] Level 1:colcon.colcon_core.environment:checking '/home/tdp378/jax_ws/install/jax_controller/lib'
[1.418s] Level 1:colcon.colcon_core.environment:checking '/home/tdp378/jax_ws/install/jax_controller/bin'
[1.418s] Level 1:colcon.colcon_core.environment:checking '/home/tdp378/jax_ws/install/jax_controller/lib/pkgconfig/jax_controller.pc'
[1.418s] Level 1:colcon.colcon_core.environment:checking '/home/tdp378/jax_ws/install/jax_controller/lib/python3.10/site-packages'
[1.418s] Level 1:colcon.colcon_core.shell:create_environment_hook('jax_controller', 'pythonpath')
[1.418s] INFO:colcon.colcon_core.shell:Creating environment hook '/home/tdp378/jax_ws/install/jax_controller/share/jax_controller/hook/pythonpath.ps1'
[1.419s] INFO:colcon.colcon_core.shell:Creating environment descriptor '/home/tdp378/jax_ws/install/jax_controller/share/jax_controller/hook/pythonpath.dsv'
[1.419s] INFO:colcon.colcon_core.shell:Creating environment hook '/home/tdp378/jax_ws/install/jax_controller/share/jax_controller/hook/pythonpath.sh'
[1.419s] Level 1:colcon.colcon_core.environment:checking '/home/tdp378/jax_ws/install/jax_controller/bin'
[1.419s] Level 1:colcon.colcon_core.environment:create_environment_scripts_only(jax_controller)
[1.420s] INFO:colcon.colcon_core.shell:Creating package script '/home/tdp378/jax_ws/install/jax_controller/share/jax_controller/package.ps1'
[1.420s] INFO:colcon.colcon_core.shell:Creating package descriptor '/home/tdp378/jax_ws/install/jax_controller/share/jax_controller/package.dsv'
[1.420s] INFO:colcon.colcon_core.shell:Creating package script '/home/tdp378/jax_ws/install/jax_controller/share/jax_controller/package.sh'
[1.420s] INFO:colcon.colcon_core.shell:Creating package script '/home/tdp378/jax_ws/install/jax_controller/share/jax_controller/package.bash'
[1.421s] INFO:colcon.colcon_core.shell:Creating package script '/home/tdp378/jax_ws/install/jax_controller/share/jax_controller/package.zsh'
[1.421s] Level 1:colcon.colcon_core.environment:create_file_with_runtime_dependencies(/home/tdp378/jax_ws/install/jax_controller/share/colcon-core/packages/jax_controller)
[1.421s] DEBUG:colcon.colcon_parallel_executor.executor.parallel:closing loop
[1.421s] DEBUG:colcon.colcon_parallel_executor.executor.parallel:loop closed
[1.421s] DEBUG:colcon.colcon_parallel_executor.executor.parallel:run_until_complete finished with '0'
[1.421s] DEBUG:colcon.colcon_core.event_reactor:joining thread
[1.424s] INFO:colcon.colcon_core.plugin_system:Skipping extension 'colcon_notification.desktop_notification.terminal_notifier': Not used on non-Darwin systems
[1.424s] INFO:colcon.colcon_core.plugin_system:Skipping extension 'colcon_notification.desktop_notification.win32': Not used on non-Windows systems
[1.424s] INFO:colcon.colcon_notification.desktop_notification:Sending desktop notification using 'notify2'
[1.430s] DEBUG:colcon.colcon_core.event_reactor:joined thread
[1.431s] INFO:colcon.colcon_core.shell:Creating prefix script '/home/tdp378/jax_ws/install/local_setup.ps1'
[1.431s] INFO:colcon.colcon_core.shell:Creating prefix util module '/home/tdp378/jax_ws/install/_local_setup_util_ps1.py'
[1.432s] INFO:colcon.colcon_core.shell:Creating prefix chain script '/home/tdp378/jax_ws/install/setup.ps1'
[1.433s] INFO:colcon.colcon_core.shell:Creating prefix script '/home/tdp378/jax_ws/install/local_setup.sh'
[1.433s] INFO:colcon.colcon_core.shell:Creating prefix util module '/home/tdp378/jax_ws/install/_local_setup_util_sh.py'
[1.433s] INFO:colcon.colcon_core.shell:Creating prefix chain script '/home/tdp378/jax_ws/install/setup.sh'
[1.434s] INFO:colcon.colcon_core.shell:Creating prefix script '/home/tdp378/jax_ws/install/local_setup.bash'
[1.434s] INFO:colcon.colcon_core.shell:Creating prefix chain script '/home/tdp378/jax_ws/install/setup.bash'
[1.435s] INFO:colcon.colcon_core.shell:Creating prefix script '/home/tdp378/jax_ws/install/local_setup.zsh'
[1.435s] INFO:colcon.colcon_core.shell:Creating prefix chain script '/home/tdp378/jax_ws/install/setup.zsh'
