[0.317s] Invoking command in '/home/tdp378/jax_ws/build/jax_description': CMAKE_PREFIX_PATH=/opt/ros/humble /usr/bin/cmake /home/tdp378/jax_ws/src/jax_description -DCMAKE_INSTALL_PREFIX=/home/tdp378/jax_ws/install/jax_description
[0.346s] -- The C compiler identification is GNU 11.4.0
[0.377s] -- The CXX compiler identification is GNU 11.4.0
[0.381s] -- Detecting C compiler ABI info
[0.418s] -- Detecting C compiler ABI info - done
[0.423s] -- Check for working C compiler: /usr/bin/cc - skipped
[0.423s] -- Detecting C compile features
[0.423s] -- Detecting C compile features - done
[0.425s] -- Detecting CXX compiler ABI info
[0.469s] -- Detecting CXX compiler ABI info - done
[0.473s] -- Check for working CXX compiler: /usr/bin/c++ - skipped
[0.474s] -- Detecting CXX compile features
[0.474s] -- Detecting CXX compile features - done
[0.475s] -- Found ament_cmake: 1.3.12 (/opt/ros/humble/share/ament_cmake/cmake)
[0.568s] -- Found Python3: /usr/bin/python3 (found version "3.10.12") found components: Interpreter 
[0.621s] -- Found ament_lint_auto: 0.12.14 (/opt/ros/humble/share/ament_lint_auto/cmake)
[0.669s] -- Added test 'lint_cmake' to check CMake code style
[0.670s] -- Added test 'xmllint' to check XML markup files
[0.671s] -- Configuring done
[0.672s] -- Generating done
[0.673s] -- Build files have been written to: /home/tdp378/jax_ws/build/jax_description
[0.676s] Invoked command in '/home/tdp378/jax_ws/build/jax_description' returned '0': CMAKE_PREFIX_PATH=/opt/ros/humble /usr/bin/cmake /home/tdp378/jax_ws/src/jax_description -DCMAKE_INSTALL_PREFIX=/home/tdp378/jax_ws/install/jax_description
[0.677s] Invoking command in '/home/tdp378/jax_ws/build/jax_description': CMAKE_PREFIX_PATH=/opt/ros/humble /usr/bin/cmake --build /home/tdp378/jax_ws/build/jax_description -- -j16 -l16
[0.699s] Invoked command in '/home/tdp378/jax_ws/build/jax_description' returned '0': CMAKE_PREFIX_PATH=/opt/ros/humble /usr/bin/cmake --build /home/tdp378/jax_ws/build/jax_description -- -j16 -l16
[0.706s] Invoking command in '/home/tdp378/jax_ws/build/jax_description': CMAKE_PREFIX_PATH=/opt/ros/humble /usr/bin/cmake --install /home/tdp378/jax_ws/build/jax_description
[0.711s] -- Install configuration: ""
[0.711s] -- Installing: /home/tdp378/jax_ws/install/jax_description/share/jax_description/urdf
[0.711s] -- Installing: /home/tdp378/jax_ws/install/jax_description/share/jax_description/urdf/jax.urdf.xacro
[0.711s] -- Installing: /home/tdp378/jax_ws/install/jax_description/share/jax_description/meshes
[0.711s] -- Installing: /home/tdp378/jax_ws/install/jax_description/share/jax_description/meshes/right_hip_collision.STL
[0.711s] -- Installing: /home/tdp378/jax_ws/install/jax_description/share/jax_description/meshes/right_thigh_collision.STL
[0.711s] -- Installing: /home/tdp378/jax_ws/install/jax_description/share/jax_description/meshes/base_link.stl
[0.714s] -- Installing: /home/tdp378/jax_ws/install/jax_description/share/jax_description/meshes/left_calf.stl
[0.714s] -- Installing: /home/tdp378/jax_ws/install/jax_description/share/jax_description/meshes/left_hip_collision.STL
[0.714s] -- Installing: /home/tdp378/jax_ws/install/jax_description/share/jax_description/meshes/foot.stl
[0.715s] -- Installing: /home/tdp378/jax_ws/install/jax_description/share/jax_description/meshes/right_thigh.stl
[0.715s] -- Installing: /home/tdp378/jax_ws/install/jax_description/share/jax_description/meshes/right_calf_collision.STL
[0.715s] -- Installing: /home/tdp378/jax_ws/install/jax_description/share/jax_description/meshes/right_calf.stl
[0.715s] -- Installing: /home/tdp378/jax_ws/install/jax_description/share/jax_description/meshes/base_link_orig.stl
[0.717s] -- Installing: /home/tdp378/jax_ws/install/jax_description/share/jax_description/meshes/right_hip.stl
[0.718s] -- Installing: /home/tdp378/jax_ws/install/jax_description/share/jax_description/meshes/left_thigh.stl
[0.718s] -- Installing: /home/tdp378/jax_ws/install/jax_description/share/jax_description/meshes/front_left_foot.STL
[0.719s] -- Installing: /home/tdp378/jax_ws/install/jax_description/share/jax_description/meshes/foot_collision.STL
[0.719s] -- Installing: /home/tdp378/jax_ws/install/jax_description/share/jax_description/meshes/rear_right_foot.STL
[0.719s] -- Installing: /home/tdp378/jax_ws/install/jax_description/share/jax_description/meshes/rear_left_foot.STL
[0.719s] -- Installing: /home/tdp378/jax_ws/install/jax_description/share/jax_description/meshes/base_link1.stl
[0.719s] -- Installing: /home/tdp378/jax_ws/install/jax_description/share/jax_description/meshes/left_thigh_collision.STL
[0.719s] -- Installing: /home/tdp378/jax_ws/install/jax_description/share/jax_description/meshes/left_hip.stl
[0.720s] -- Installing: /home/tdp378/jax_ws/install/jax_description/share/jax_description/meshes/left_calf_collision.STL
[0.721s] -- Installing: /home/tdp378/jax_ws/install/jax_description/share/jax_description/meshes/base_collision.stl
[0.721s] -- Installing: /home/tdp378/jax_ws/install/jax_description/share/jax_description/meshes/front_right_calf.STL
[0.721s] -- Installing: /home/tdp378/jax_ws/install/jax_description/share/ament_index/resource_index/package_run_dependencies/jax_description
[0.721s] -- Installing: /home/tdp378/jax_ws/install/jax_description/share/ament_index/resource_index/parent_prefix_path/jax_description
[0.722s] -- Installing: /home/tdp378/jax_ws/install/jax_description/share/jax_description/environment/ament_prefix_path.sh
[0.722s] -- Installing: /home/tdp378/jax_ws/install/jax_description/share/jax_description/environment/ament_prefix_path.dsv
[0.722s] -- Installing: /home/tdp378/jax_ws/install/jax_description/share/jax_description/environment/path.sh
[0.722s] -- Installing: /home/tdp378/jax_ws/install/jax_description/share/jax_description/environment/path.dsv
[0.722s] -- Installing: /home/tdp378/jax_ws/install/jax_description/share/jax_description/local_setup.bash
[0.722s] -- Installing: /home/tdp378/jax_ws/install/jax_description/share/jax_description/local_setup.sh
[0.722s] -- Installing: /home/tdp378/jax_ws/install/jax_description/share/jax_description/local_setup.zsh
[0.722s] -- Installing: /home/tdp378/jax_ws/install/jax_description/share/jax_description/local_setup.dsv
[0.722s] -- Installing: /home/tdp378/jax_ws/install/jax_description/share/jax_description/package.dsv
[0.722s] -- Installing: /home/tdp378/jax_ws/install/jax_description/share/ament_index/resource_index/packages/jax_description
[0.723s] -- Installing: /home/tdp378/jax_ws/install/jax_description/share/jax_description/cmake/jax_descriptionConfig.cmake
[0.723s] -- Installing: /home/tdp378/jax_ws/install/jax_description/share/jax_description/cmake/jax_descriptionConfig-version.cmake
[0.723s] -- Installing: /home/tdp378/jax_ws/install/jax_description/share/jax_description/package.xml
[0.724s] Invoked command in '/home/tdp378/jax_ws/build/jax_description' returned '0': CMAKE_PREFIX_PATH=/opt/ros/humble /usr/bin/cmake --install /home/tdp378/jax_ws/build/jax_description
